2025-04-30 07:41:37,323 [INFO] Activator:176 - 


2025-04-30 07:41:37,325 [INFO] Activator:177 - !SESSION log4j initialized
2025-04-30 07:41:39,617 [INFO] LogOutputStream:77 - [STDOUT_REDIRECT] 
2025-04-30 07:41:41,586 [INFO] ApplicationProperties:184 - Using Application install path: C:\ST\STM32CubeIDE_1.18.1\STM32CubeIDE\plugins\com.st.stm32cube.common.mx_6.14.1.202504091515
2025-04-30 07:41:41,603 [INFO] DbMcusXml:78 - Set database path to: C:\ST\STM32CubeIDE_1.18.1\STM32CubeIDE\plugins\com.st.stm32cube.common.mx_6.14.1.202504091515\\db\/mcu/
2025-04-30 07:41:41,603 [INFO] ApiDb:274 - Set plugin database path to: C:\ST\STM32CubeIDE_1.18.1\STM32CubeIDE\plugins\com.st.stm32cube.common.mx_6.14.1.202504091515\\db\/plugins/boardmanager/
2025-04-30 07:41:41,604 [WARN] ApiDb:259 - Overriding images path with different value:  => C:\ST\STM32CubeIDE_1.18.1\STM32CubeIDE\plugins\com.st.stm32cube.common.mx_6.14.1.202504091515\\db\/plugins/mcufinder/images/
2025-04-30 07:41:41,615 [INFO] ApiDb:250 - Set database path to: C:\Users\Parry\.stmcufinder\plugins\mcufinder//mcu/
2025-04-30 07:41:41,616 [INFO] DbMcusAds:125 - Set database path to: C:\Users\Parry\.stmcufinder\plugins\mcufinder//mcu/
2025-04-30 07:41:41,618 [INFO] CrossReferenceDbSqlite:203 - Set database path to: C:\Users\Parry\.stmcufinder\plugins\mcufinder//mcu/cs/
2025-04-30 07:41:41,709 [INFO] RulesReader:64 - Compatibility file has been processed (302 Rules)
2025-04-30 07:41:41,792 [INFO] DbMcusXml:78 - Set database path to: C:\ST\STM32CubeIDE_1.18.1\STM32CubeIDE\plugins\com.st.stm32cube.common.mx_6.14.1.202504091515\\db\/mcu/
2025-04-30 07:41:41,792 [INFO] ApiDb:274 - Set plugin database path to: C:\ST\STM32CubeIDE_1.18.1\STM32CubeIDE\plugins\com.st.stm32cube.common.mx_6.14.1.202504091515\\db\/plugins/boardmanager/
2025-04-30 07:41:41,792 [INFO] ApiDb:261 - Set plugin images path to: C:\ST\STM32CubeIDE_1.18.1\STM32CubeIDE\plugins\com.st.stm32cube.common.mx_6.14.1.202504091515\\db\/plugins/mcufinder/images/
2025-04-30 07:41:41,792 [WARN] DbFile:41 - Overriding database path with different value: C:\Users\Parry\.stmcufinder\plugins\mcufinder/ => C:\Users\Parry\.stmcufinder\plugins\mcufinder
2025-04-30 07:41:41,793 [INFO] ApiDb:250 - Set database path to: C:\Users\Parry\.stmcufinder\plugins\mcufinder//mcu/
2025-04-30 07:41:41,793 [WARN] DbFile:41 - Overriding database path with different value: C:\Users\Parry\.stmcufinder\plugins\mcufinder/ => C:\Users\Parry\.stmcufinder\plugins\mcufinder
2025-04-30 07:41:41,793 [INFO] DbMcusAds:125 - Set database path to: C:\Users\Parry\.stmcufinder\plugins\mcufinder//mcu/
2025-04-30 07:41:41,793 [WARN] DbFile:41 - Overriding database path with different value: C:\Users\Parry\.stmcufinder\plugins\mcufinder/ => C:\Users\Parry\.stmcufinder\plugins\mcufinder
2025-04-30 07:41:41,793 [WARN] DbFile:41 - Overriding database path with different value: C:\Users\Parry\.stmcufinder\plugins\mcufinder/ => C:\Users\Parry\.stmcufinder\plugins\mcufinder
2025-04-30 07:41:41,793 [INFO] CrossReferenceDbSqlite:203 - Set database path to: C:\Users\Parry\.stmcufinder\plugins\mcufinder//mcu/cs/
2025-04-30 07:41:41,872 [INFO] MainPanel:272 - HeapMemory: 268435456
2025-04-30 07:41:41,989 [INFO] DbMcusXml:78 - Set database path to: C:\ST\STM32CubeIDE_1.18.1\STM32CubeIDE\plugins\com.st.stm32cube.common.mx_6.14.1.202504091515\\db\/mcu/
2025-04-30 07:41:41,989 [INFO] ApiDb:274 - Set plugin database path to: C:\ST\STM32CubeIDE_1.18.1\STM32CubeIDE\plugins\com.st.stm32cube.common.mx_6.14.1.202504091515\\db\/plugins/boardmanager/
2025-04-30 07:41:41,989 [INFO] ApiDb:261 - Set plugin images path to: C:\ST\STM32CubeIDE_1.18.1\STM32CubeIDE\plugins\com.st.stm32cube.common.mx_6.14.1.202504091515\\db\/plugins/mcufinder/images/
2025-04-30 07:41:41,990 [WARN] DbFile:41 - Overriding database path with different value: C:\Users\Parry\.stmcufinder\plugins\mcufinder/ => C:\Users\Parry\.stmcufinder\plugins\mcufinder
2025-04-30 07:41:41,990 [INFO] ApiDb:250 - Set database path to: C:\Users\Parry\.stmcufinder\plugins\mcufinder//mcu/
2025-04-30 07:41:41,990 [WARN] DbFile:41 - Overriding database path with different value: C:\Users\Parry\.stmcufinder\plugins\mcufinder/ => C:\Users\Parry\.stmcufinder\plugins\mcufinder
2025-04-30 07:41:41,990 [INFO] DbMcusAds:125 - Set database path to: C:\Users\Parry\.stmcufinder\plugins\mcufinder//mcu/
2025-04-30 07:41:41,990 [WARN] DbFile:41 - Overriding database path with different value: C:\Users\Parry\.stmcufinder\plugins\mcufinder/ => C:\Users\Parry\.stmcufinder\plugins\mcufinder
2025-04-30 07:41:41,990 [WARN] DbFile:41 - Overriding database path with different value: C:\Users\Parry\.stmcufinder\plugins\mcufinder/ => C:\Users\Parry\.stmcufinder\plugins\mcufinder
2025-04-30 07:41:41,990 [INFO] CrossReferenceDbSqlite:203 - Set database path to: C:\Users\Parry\.stmcufinder\plugins\mcufinder//mcu/cs/
2025-04-30 07:41:42,010 [INFO] ApplicationProperties:184 - Using Application install path: C:\ST\STM32CubeIDE_1.18.1\STM32CubeIDE\plugins\com.st.stm32cube.common.mx_6.14.1.202504091515
2025-04-30 07:41:42,011 [INFO] PluginManage:196 - Search for loadable plugins [exclusion list=, ]
2025-04-30 07:41:42,013 [INFO] PluginManage:310 - Check plugin analytics
2025-04-30 07:41:42,176 [INFO] AnalyticsPlugin:253 - Accepted Software Licenses: 
2025-04-30 07:41:42,177 [INFO] AnalyticsPlugin:255 - Accepted CMSIS Pack Licenses: 
2025-04-30 07:41:42,177 [INFO] AnalyticsPlugin:257 - Accepted Firmware Licenses: FW.WB.1.22.0
2025-04-30 07:41:42,180 [INFO] PluginManage:359 - Loaded plugin analytics (category:tool,tabindex:-1)
2025-04-30 07:41:42,180 [INFO] PluginManage:310 - Check plugin cadmodel
2025-04-30 07:41:42,188 [INFO] CADModel:105 - Init CAD model plugin
2025-04-30 07:41:42,189 [INFO] PluginManage:359 - Loaded plugin cadmodel (category:power,tabindex:5)
2025-04-30 07:41:42,189 [INFO] PluginManage:310 - Check plugin clock
2025-04-30 07:41:42,202 [INFO] PluginManage:359 - Loaded plugin clock (category:base,tabindex:2)
2025-04-30 07:41:42,202 [INFO] PluginManage:310 - Check plugin ddr
2025-04-30 07:41:42,204 [INFO] PluginManage:359 - Loaded plugin ddr (category:tool,tabindex:6)
2025-04-30 07:41:42,204 [INFO] PluginManage:310 - Check plugin filemanager
2025-04-30 07:41:42,394 [INFO] PluginManage:359 - Loaded plugin filemanager (category:base,tabindex:10)
2025-04-30 07:41:42,394 [INFO] PluginManage:310 - Check plugin ipmanager
2025-04-30 07:41:42,403 [INFO] PluginManage:359 - Loaded plugin ipmanager (category:base,tabindex:5)
2025-04-30 07:41:42,403 [INFO] PluginManage:310 - Check plugin lpbam
2025-04-30 07:41:42,412 [INFO] PluginManage:359 - Loaded plugin lpbam (category:base,tabindex:0)
2025-04-30 07:41:42,412 [INFO] PluginManage:310 - Check plugin memorymap
2025-04-30 07:41:42,426 [INFO] PluginManage:359 - Loaded plugin memorymap (category:base,tabindex:4)
2025-04-30 07:41:42,426 [INFO] PluginManage:310 - Check plugin pinoutandconfiguration
2025-04-30 07:41:42,437 [INFO] PluginManage:359 - Loaded plugin pinoutandconfiguration (category:base,tabindex:1)
2025-04-30 07:41:42,437 [INFO] PluginManage:310 - Check plugin pinoutconfig
2025-04-30 07:41:42,517 [WARN] SupportedApi:132 - Cannot load RTOS API schema: s4s-elt-must-match.1: The content of 'definitions' must match (annotation?, (simpleType | complexType)?, (unique | key | keyref)*)). A problem was found starting at: attribute.
2025-04-30 07:41:42,637 [INFO] PluginManage:359 - Loaded plugin pinoutconfig (category:base,tabindex:0)
2025-04-30 07:41:42,637 [INFO] PluginManage:310 - Check plugin power
2025-04-30 07:41:42,649 [INFO] PluginManage:359 - Loaded plugin power (category:power,tabindex:4)
2025-04-30 07:41:42,650 [INFO] PluginManage:310 - Check plugin projectmanager
2025-04-30 07:41:42,664 [INFO] PluginManage:359 - Loaded plugin projectmanager (category:projectmanager,tabindex:4)
2025-04-30 07:41:42,665 [INFO] PluginManage:310 - Check plugin rif
2025-04-30 07:41:42,673 [INFO] PluginManage:359 - Loaded plugin rif (category:base,tabindex:3)
2025-04-30 07:41:42,673 [INFO] PluginManage:310 - Check plugin thirdparty
2025-04-30 07:41:42,807 [INFO] PluginManage:359 - Loaded plugin thirdparty (category:base,tabindex:-1)
2025-04-30 07:41:42,807 [INFO] PluginManage:310 - Check plugin tools
2025-04-30 07:41:42,807 [WARN] IntegrityCheckThread:84 - waiting for thirdparty lock release [integrity check]
2025-04-30 07:41:42,807 [INFO] IntegrityCheckThread:86 - entering critical section [integrity check]
2025-04-30 07:41:42,808 [INFO] ThirdPartyUpdaterWithRetryManager:70 - Updater plugin not ready yet. [1/15]
2025-04-30 07:41:42,810 [INFO] PluginManage:359 - Loaded plugin tools (category:base,tabindex:7)
2025-04-30 07:41:42,810 [INFO] PluginManage:310 - Check plugin tutovideos
2025-04-30 07:41:42,952 [INFO] PluginManage:359 - Loaded plugin tutovideos (category:base,tabindex:-1)
2025-04-30 07:41:42,952 [INFO] PluginManage:310 - Check plugin updater
2025-04-30 07:41:42,971 [INFO] PluginManage:359 - Loaded plugin updater (category:base,tabindex:12)
2025-04-30 07:41:42,971 [INFO] PluginManage:310 - Check plugin userauth
2025-04-30 07:41:42,974 [INFO] UserAuth:118 - Init User Auth plugin
2025-04-30 07:41:42,975 [INFO] PluginManage:359 - Loaded plugin userauth (category:base,tabindex:14)
2025-04-30 07:41:42,975 [INFO] PluginManage:283 - PluginManage : Loaded plugins [18]
2025-04-30 07:41:43,154 [INFO] PinOutPanel:1589 - setPackage(No Configuration,No Configuration)
2025-04-30 07:41:43,233 [INFO] CADModel:165 - CPN selected for project level
2025-04-30 07:41:43,233 [INFO] CADModel:114 - Register for checkConnection events
2025-04-30 07:41:43,249 [INFO] IPUIPlugin:80 - create IPUIPlugin
2025-04-30 07:41:43,249 [INFO] PluginManager:220 - loadIPPluginJar : add adc
2025-04-30 07:41:43,252 [INFO] IPUIPlugin:80 - create IPUIPlugin
2025-04-30 07:41:43,253 [INFO] PluginManager:220 - loadIPPluginJar : add aes
2025-04-30 07:41:43,255 [INFO] IPUIPlugin:80 - create IPUIPlugin
2025-04-30 07:41:43,255 [INFO] PluginManager:220 - loadIPPluginJar : add can
2025-04-30 07:41:43,257 [INFO] IPUIPlugin:80 - create IPUIPlugin
2025-04-30 07:41:43,257 [INFO] PluginManager:220 - loadIPPluginJar : add comp
2025-04-30 07:41:43,259 [INFO] IPUIPlugin:80 - create IPUIPlugin
2025-04-30 07:41:43,259 [INFO] PluginManager:220 - loadIPPluginJar : add cryp
2025-04-30 07:41:43,262 [INFO] IPUIPlugin:80 - create IPUIPlugin
2025-04-30 07:41:43,262 [INFO] PluginManager:220 - loadIPPluginJar : add ddr_ctrl_phy
2025-04-30 07:41:43,264 [INFO] IPUIPlugin:80 - create IPUIPlugin
2025-04-30 07:41:43,264 [INFO] PluginManager:220 - loadIPPluginJar : add dfsdm
2025-04-30 07:41:43,269 [INFO] IPUIPlugin:80 - create IPUIPlugin
2025-04-30 07:41:43,269 [INFO] PluginManager:220 - loadIPPluginJar : add dma
2025-04-30 07:41:43,272 [INFO] IPUIPlugin:80 - create IPUIPlugin
2025-04-30 07:41:43,272 [INFO] PluginManager:220 - loadIPPluginJar : add dma3
2025-04-30 07:41:43,275 [INFO] IPUIPlugin:80 - create IPUIPlugin
2025-04-30 07:41:43,275 [INFO] PluginManager:220 - loadIPPluginJar : add extmemmanager
2025-04-30 07:41:43,276 [INFO] IPUIPlugin:80 - create IPUIPlugin
2025-04-30 07:41:43,276 [INFO] PluginManager:220 - loadIPPluginJar : add fatfs
2025-04-30 07:41:43,281 [INFO] IPUIPlugin:80 - create IPUIPlugin
2025-04-30 07:41:43,281 [INFO] PluginManager:220 - loadIPPluginJar : add fmc
2025-04-30 07:41:43,287 [INFO] IPUIPlugin:80 - create IPUIPlugin
2025-04-30 07:41:43,287 [INFO] PluginManager:220 - loadIPPluginJar : add freertos
2025-04-30 07:41:43,289 [INFO] IPUIPlugin:80 - create IPUIPlugin
2025-04-30 07:41:43,289 [INFO] PluginManager:220 - loadIPPluginJar : add genericplugin
2025-04-30 07:41:43,292 [INFO] IPUIPlugin:80 - create IPUIPlugin
2025-04-30 07:41:43,292 [INFO] PluginManager:220 - loadIPPluginJar : add gfxmmu
2025-04-30 07:41:43,296 [INFO] IPUIPlugin:80 - create IPUIPlugin
2025-04-30 07:41:43,296 [INFO] PluginManager:220 - loadIPPluginJar : add gic
2025-04-30 07:41:43,300 [INFO] IPUIPlugin:80 - create IPUIPlugin
2025-04-30 07:41:43,300 [INFO] PluginManager:220 - loadIPPluginJar : add gpio
2025-04-30 07:41:43,302 [INFO] IPUIPlugin:80 - create IPUIPlugin
2025-04-30 07:41:43,302 [INFO] PluginManager:220 - loadIPPluginJar : add gtzc
2025-04-30 07:41:43,304 [INFO] IPUIPlugin:80 - create IPUIPlugin
2025-04-30 07:41:43,305 [INFO] PluginManager:220 - loadIPPluginJar : add hash
2025-04-30 07:41:43,308 [INFO] IPUIPlugin:80 - create IPUIPlugin
2025-04-30 07:41:43,308 [INFO] PluginManager:220 - loadIPPluginJar : add i2c
2025-04-30 07:41:43,311 [INFO] IPUIPlugin:80 - create IPUIPlugin
2025-04-30 07:41:43,311 [INFO] PluginManager:220 - loadIPPluginJar : add i2s
2025-04-30 07:41:43,314 [INFO] IPUIPlugin:80 - create IPUIPlugin
2025-04-30 07:41:43,314 [INFO] PluginManager:220 - loadIPPluginJar : add i3c
2025-04-30 07:41:43,316 [INFO] IPUIPlugin:80 - create IPUIPlugin
2025-04-30 07:41:43,316 [INFO] PluginManager:220 - loadIPPluginJar : add ipddr
2025-04-30 07:41:43,321 [INFO] IPUIPlugin:80 - create IPUIPlugin
2025-04-30 07:41:43,321 [INFO] PluginManager:220 - loadIPPluginJar : add linkedlist
2025-04-30 07:41:43,325 [INFO] IPUIPlugin:80 - create IPUIPlugin
2025-04-30 07:41:43,325 [INFO] PluginManager:220 - loadIPPluginJar : add lorawan
2025-04-30 07:41:43,326 [INFO] IPUIPlugin:80 - create IPUIPlugin
2025-04-30 07:41:43,326 [INFO] PluginManager:220 - loadIPPluginJar : add ltdc
2025-04-30 07:41:43,331 [INFO] IPUIPlugin:80 - create IPUIPlugin
2025-04-30 07:41:43,331 [INFO] PluginManager:220 - loadIPPluginJar : add mdma
2025-04-30 07:41:43,334 [INFO] IPUIPlugin:80 - create IPUIPlugin
2025-04-30 07:41:43,335 [INFO] PluginManager:220 - loadIPPluginJar : add nvic
2025-04-30 07:41:43,338 [INFO] IPUIPlugin:80 - create IPUIPlugin
2025-04-30 07:41:43,338 [INFO] PluginManager:220 - loadIPPluginJar : add opamp
2025-04-30 07:41:43,342 [INFO] IPUIPlugin:80 - create IPUIPlugin
2025-04-30 07:41:43,342 [INFO] PluginManager:220 - loadIPPluginJar : add openamp
2025-04-30 07:41:43,347 [INFO] IPUIPlugin:80 - create IPUIPlugin
2025-04-30 07:41:43,347 [INFO] PluginManager:220 - loadIPPluginJar : add pdm2pcm
2025-04-30 07:41:43,353 [INFO] IPUIPlugin:80 - create IPUIPlugin
2025-04-30 07:41:43,354 [INFO] PluginManager:220 - loadIPPluginJar : add plateformsettings
2025-04-30 07:41:43,356 [INFO] IPUIPlugin:80 - create IPUIPlugin
2025-04-30 07:41:43,356 [INFO] PluginManager:220 - loadIPPluginJar : add quadspi
2025-04-30 07:41:43,358 [INFO] IPUIPlugin:80 - create IPUIPlugin
2025-04-30 07:41:43,359 [INFO] PluginManager:220 - loadIPPluginJar : add radio
2025-04-30 07:41:43,363 [INFO] IPUIPlugin:80 - create IPUIPlugin
2025-04-30 07:41:43,363 [INFO] PluginManager:220 - loadIPPluginJar : add resmgrutility
2025-04-30 07:41:43,367 [INFO] IPUIPlugin:80 - create IPUIPlugin
2025-04-30 07:41:43,367 [INFO] PluginManager:220 - loadIPPluginJar : add sai
2025-04-30 07:41:43,369 [INFO] IPUIPlugin:80 - create IPUIPlugin
2025-04-30 07:41:43,369 [INFO] PluginManager:220 - loadIPPluginJar : add spi
2025-04-30 07:41:43,375 [INFO] IPUIPlugin:80 - create IPUIPlugin
2025-04-30 07:41:43,375 [INFO] PluginManager:220 - loadIPPluginJar : add stm32_wpan
2025-04-30 07:41:43,377 [INFO] IPUIPlugin:80 - create IPUIPlugin
2025-04-30 07:41:43,377 [INFO] PluginManager:220 - loadIPPluginJar : add tim
2025-04-30 07:41:43,381 [INFO] IPUIPlugin:80 - create IPUIPlugin
2025-04-30 07:41:43,381 [INFO] PluginManager:220 - loadIPPluginJar : add touchsensing
2025-04-30 07:41:43,383 [INFO] IPUIPlugin:80 - create IPUIPlugin
2025-04-30 07:41:43,383 [INFO] PluginManager:220 - loadIPPluginJar : add tracer_emb
2025-04-30 07:41:43,385 [INFO] IPUIPlugin:80 - create IPUIPlugin
2025-04-30 07:41:43,385 [INFO] PluginManager:220 - loadIPPluginJar : add ts
2025-04-30 07:41:43,386 [INFO] IPUIPlugin:80 - create IPUIPlugin
2025-04-30 07:41:43,386 [INFO] PluginManager:220 - loadIPPluginJar : add tsc
2025-04-30 07:41:43,389 [INFO] IPUIPlugin:80 - create IPUIPlugin
2025-04-30 07:41:43,389 [INFO] PluginManager:220 - loadIPPluginJar : add ucpd
2025-04-30 07:41:43,392 [INFO] IPUIPlugin:80 - create IPUIPlugin
2025-04-30 07:41:43,392 [INFO] PluginManager:220 - loadIPPluginJar : add usart
2025-04-30 07:41:43,395 [INFO] IPUIPlugin:80 - create IPUIPlugin
2025-04-30 07:41:43,395 [INFO] PluginManager:220 - loadIPPluginJar : add usbx
2025-04-30 07:41:43,522 [FATAL] Updater:351 - Updater called before beeing initialized
2025-04-30 07:41:43,541 [INFO] RulesReader:64 - Compatibility file has been processed (302 Rules)
2025-04-30 07:41:43,550 [INFO] RulesReader:64 - Compatibility file has been processed (302 Rules)
2025-04-30 07:41:43,557 [INFO] CADModel:165 - CPN selected for project level
2025-04-30 07:41:43,557 [INFO] CADModel:114 - Register for checkConnection events
2025-04-30 07:41:43,557 [FATAL] Updater:351 - Updater called before beeing initialized
2025-04-30 07:41:43,557 [ERROR] CADModel:125 - Updater not yet initialized, retry later 
2025-04-30 07:41:43,720 [FATAL] Updater:351 - Updater called before beeing initialized
2025-04-30 07:41:43,722 [INFO] CADModel:165 - CPN selected for project level
2025-04-30 07:41:43,722 [INFO] CADModel:114 - Register for checkConnection events
2025-04-30 07:41:43,722 [FATAL] Updater:351 - Updater called before beeing initialized
2025-04-30 07:41:43,722 [ERROR] CADModel:125 - Updater not yet initialized, retry later 
2025-04-30 07:41:43,724 [FATAL] Updater:351 - Updater called before beeing initialized
2025-04-30 07:41:43,836 [FATAL] Updater:351 - Updater called before beeing initialized
2025-04-30 07:41:43,840 [INFO] DbMcusAds:53 - JSON generation date=Thu Mar 06 06:54:22 PST 2025 (1741272862078)
2025-04-30 07:41:43,840 [FATAL] Updater:351 - Updater called before beeing initialized
2025-04-30 07:41:43,882 [WARN] DetailPanel:346 - Failed to get advertising image, set to default
2025-04-30 07:41:44,114 [FATAL] Updater:351 - Updater called before beeing initialized
2025-04-30 07:41:44,116 [FATAL] Updater:351 - Updater called before beeing initialized
2025-04-30 07:41:44,116 [FATAL] Updater:351 - Updater called before beeing initialized
2025-04-30 07:41:44,116 [WARN] DetailPanel:346 - Failed to get advertising image, set to default
2025-04-30 07:41:44,117 [FATAL] Updater:351 - Updater called before beeing initialized
2025-04-30 07:41:44,158 [ERROR] Updater:1198 - MainUpdater not yet initialized. External WinMGr cannot be set.
2025-04-30 07:41:44,160 [INFO] Updater:1134 - Updater Version found : 6.14.1
2025-04-30 07:41:44,177 [INFO] ApplicationProperties:184 - Using Application install path: C:\ST\STM32CubeIDE_1.18.1\STM32CubeIDE\plugins\com.st.stm32cube.common.mx_6.14.1.202504091515
2025-04-30 07:41:45,746 [ERROR] LogOutputStream:75 - [STDERR_REDIRECT] Apr 30, 2025 7:41:45 AM java.util.prefs.WindowsPreferences <init>
2025-04-30 07:41:45,747 [ERROR] LogOutputStream:75 - [STDERR_REDIRECT] WARNING: Could not open/create prefs root node Software\JavaSoft\Prefs at root 0xffffffff80000002. Windows RegCreateKeyEx(...) returned error code 5.
2025-04-30 07:41:45,747 [ERROR] LogOutputStream:75 - [STDERR_REDIRECT] 
2025-04-30 07:41:45,809 [INFO] ThirdPartyUpdaterWithRetryManager:70 - Updater plugin not ready yet. [2/15]
2025-04-30 07:41:45,991 [INFO] MainUpdater:2872 - connection check result : 10
2025-04-30 07:41:45,991 [INFO] MainUpdater:289 - Updater Check For Update Now.
2025-04-30 07:41:45,991 [INFO] MicroXplorer:498 - Change Database Version : DB.6.0.141
2025-04-30 07:41:45,997 [INFO] McuFinderGlobals:63 - Set McuFinder mode to 2 (CubeIDE integrated)
2025-04-30 07:41:46,003 [INFO] UserAuth:484 - Internet connection configuration mode: 1
2025-04-30 07:41:46,032 [INFO] JxBrowserEngine:152 - Initiate JxBrowser Engine with user profile folder
2025-04-30 07:41:46,176 [INFO] CheckServerUpdateThread:120 - End of CheckServer Thread
2025-04-30 07:41:47,516 [INFO] WebApp:169 - Instantiating new browser for Auth
2025-04-30 07:41:48,526 [INFO] WebApp:463 - Apply proxy settings
2025-04-30 07:41:48,526 [INFO] WebApp:548 - Chromium requires no authentication
2025-04-30 07:41:48,605 [INFO] WebApp:491 - Direct internet connection detected
2025-04-30 07:41:48,645 [INFO] WebApp:894 - Register for checkConnection events
2025-04-30 07:41:48,645 [INFO] WebApp:463 - Apply proxy settings
2025-04-30 07:41:48,645 [INFO] WebApp:548 - Chromium requires no authentication
2025-04-30 07:41:48,646 [INFO] WebApp:491 - Direct internet connection detected
2025-04-30 07:41:48,827 [INFO] WebApp:191 - Connection restablished
2025-04-30 07:41:48,966 [INFO] WebApp:225 - Starting web application
2025-04-30 07:41:48,966 [INFO] WebApp:593 - Web application path used C:\ST\STM32CubeIDE_1.18.1\STM32CubeIDE\plugins\com.st.stm32cube.common.mx_6.14.1.202504091515\db\plugins\mcufinder\reactClient1\index.html
2025-04-30 07:41:49,169 [INFO] UserAuth:484 - Internet connection configuration mode: 1
2025-04-30 07:41:49,354 [WARN] PackLoader:240 - Cannot read IP mode file for STMicroelectronics.FP-SNS-MOTENVWB1.1.4.0
2025-04-30 07:41:49,363 [WARN] PackLoader:240 - Cannot read IP mode file for STMicroelectronics.FP-ATR-ASTRA1.2.0.2
2025-04-30 07:41:49,368 [WARN] PackLoader:240 - Cannot read IP mode file for STMicroelectronics.FP-ATR-ASTRA1.2.0.1
2025-04-30 07:41:49,377 [WARN] PackLoader:240 - Cannot read IP mode file for STMicroelectronics.X-CUBE-SMBUS.2.1.0
2025-04-30 07:41:49,386 [WARN] PackLoader:240 - Cannot read IP mode file for STMicroelectronics.X-CUBE-WB05N.1.1.0
2025-04-30 07:41:49,393 [WARN] PackLoader:240 - Cannot read IP mode file for STMicroelectronics.X-CUBE-TOUCHGFX.4.23.0
2025-04-30 07:41:49,447 [WARN] PackLoader:240 - Cannot read IP mode file for STMicroelectronics.X-CUBE-MEMS1.9.2.0
2025-04-30 07:41:49,587 [WARN] PackLoader:240 - Cannot read IP mode file for STMicroelectronics.X-CUBE-TOUCHGFX.4.23.2
2025-04-30 07:41:49,602 [WARN] PackLoader:240 - Cannot read IP mode file for STMicroelectronics.X-CUBE-AZRTOS-F7.1.1.0
2025-04-30 07:41:49,609 [WARN] PackLoader:240 - Cannot read IP mode file for STMicroelectronics.X-CUBE-AI.7.1.0
2025-04-30 07:41:49,613 [WARN] PackLoader:240 - Cannot read IP mode file for STMicroelectronics.X-CUBE-TOUCHGFX.4.19.1
2025-04-30 07:41:49,619 [WARN] PackLoader:240 - Cannot read IP mode file for STMicroelectronics.FP-SNS-MOTENV1.4.3.2
2025-04-30 07:41:49,625 [WARN] PackLoader:240 - Cannot read IP mode file for STMicroelectronics.X-CUBE-BLE1.6.2.3
2025-04-30 07:41:49,654 [WARN] PackLoader:240 - Cannot read IP mode file for STMicroelectronics.X-CUBE-MEMS1.11.0.0
2025-04-30 07:41:49,744 [WARN] PackLoader:240 - Cannot read IP mode file for STMicroelectronics.X-CUBE-BLE1.6.2.4
2025-04-30 07:41:49,751 [WARN] PackLoader:240 - Cannot read IP mode file for STMicroelectronics.FP-SNS-FLIGHT1.5.0.2
2025-04-30 07:41:49,758 [WARN] PackLoader:240 - Cannot read IP mode file for STMicroelectronics.X-CUBE-BLE2.3.2.2
2025-04-30 07:41:49,786 [WARN] PackLoader:240 - Cannot read IP mode file for STMicroelectronics.X-CUBE-TOF1.3.1.0
2025-04-30 07:41:49,803 [WARN] PackLoader:240 - Cannot read IP mode file for STMicroelectronics.X-CUBE-DISPLAY.3.0.0
2025-04-30 07:41:49,820 [WARN] PackLoader:240 - Cannot read IP mode file for STMicroelectronics.X-CUBE-BLE1.7.0.0
2025-04-30 07:41:49,829 [WARN] PackLoader:240 - Cannot read IP mode file for STMicroelectronics.X-CUBE-NFC10.1.0.0
2025-04-30 07:41:49,842 [WARN] PackLoader:240 - Cannot read IP mode file for STMicroelectronics.X-CUBE-BLEMGR.4.0.0
2025-04-30 07:41:49,851 [WARN] PackLoader:240 - Cannot read IP mode file for emotas.I-CUBE-CANOPEN.1.3.0
2025-04-30 07:41:49,855 [WARN] PackLoader:240 - Cannot read IP mode file for STMicroelectronics.X-CUBE-TOUCHGFX.4.22.0
2025-04-30 07:41:49,880 [WARN] PackLoader:240 - Cannot read IP mode file for STMicroelectronics.X-CUBE-MEMS1.9.3.0
2025-04-30 07:41:49,957 [WARN] PackLoader:240 - Cannot read IP mode file for STMicroelectronics.X-CUBE-AI.7.2.0
2025-04-30 07:41:49,964 [WARN] PackLoader:240 - Cannot read IP mode file for STMicroelectronics.X-CUBE-BLEMGR.3.1.0
2025-04-30 07:41:49,969 [WARN] PackLoader:240 - Cannot read IP mode file for STMicroelectronics.X-CUBE-AI.10.0.0
2025-04-30 07:41:49,975 [WARN] PackLoader:240 - Cannot read IP mode file for STMicroelectronics.FP-SNS-SMARTAG2.1.2.0
2025-04-30 07:41:49,978 [WARN] PackLoader:240 - Cannot read IP mode file for STMicroelectronics.FP-SNS-FLIGHT1.5.1.0
2025-04-30 07:41:50,007 [WARN] PackLoader:240 - Cannot read IP mode file for STMicroelectronics.X-CUBE-MEMS1.11.1.0
2025-04-30 07:41:50,083 [INFO] LogOutputStream:77 - [STDOUT_REDIRECT] 1 : Invalid condition id : UX_CORESTACK_Condition cause : null
2025-04-30 07:41:50,084 [INFO] LogOutputStream:77 - [STDOUT_REDIRECT] 1 : Invalid condition id : UX_CORESTACK_Condition cause : null
2025-04-30 07:41:50,085 [INFO] LogOutputStream:77 - [STDOUT_REDIRECT] 1 : Invalid condition id : UX_CORESTACK_Condition cause : null
2025-04-30 07:41:50,085 [INFO] LogOutputStream:77 - [STDOUT_REDIRECT] 1 : Invalid condition id : UX_CORESTACK_Condition cause : null
2025-04-30 07:41:50,086 [INFO] LogOutputStream:77 - [STDOUT_REDIRECT] 1 : Invalid condition id : UX_CORESTACK_Condition cause : null
2025-04-30 07:41:50,089 [WARN] PackLoader:240 - Cannot read IP mode file for STMicroelectronics.X-CUBE-AZRTOS-WL.2.0.0
2025-04-30 07:41:50,093 [WARN] PackLoader:240 - Cannot read IP mode file for STMicroelectronics.FP-SNS-MOTENV1.5.0.0
2025-04-30 07:41:50,101 [WARN] PackLoader:240 - Cannot read IP mode file for wolfSSL.I-CUBE-wolfMQTT.1.19.0
2025-04-30 07:41:50,108 [WARN] PackLoader:240 - Cannot read IP mode file for WES.I-CUBE-Cesium.1.3.0
2025-04-30 07:41:50,112 [WARN] PackLoader:240 - Cannot read IP mode file for STMicroelectronics.X-CUBE-BLE2.3.3.0
2025-04-30 07:41:50,117 [WARN] PackLoader:240 - Cannot read IP mode file for STMicroelectronics.X-CUBE-DISPLAY.2.2.0
2025-04-30 07:41:50,125 [WARN] PackLoader:240 - Cannot read IP mode file for STMicroelectronics.X-CUBE-TOF1.3.2.0
2025-04-30 07:41:50,135 [WARN] PackLoader:240 - Cannot read IP mode file for STMicroelectronics.X-CUBE-ISPU.1.0.0
2025-04-30 07:41:50,141 [WARN] PackLoader:240 - Cannot read IP mode file for STMicroelectronics.X-CUBE-NFC9.1.0.0
2025-04-30 07:41:50,155 [WARN] PackLoader:240 - Cannot read IP mode file for STMicroelectronics.X-CUBE-AZRTOS-H7.2.1.0
2025-04-30 07:41:50,162 [WARN] PackLoader:240 - Cannot read IP mode file for STMicroelectronics.X-CUBE-BLE1.7.1.0
2025-04-30 07:41:50,168 [WARN] PackLoader:240 - Cannot read IP mode file for STMicroelectronics.X-CUBE-TCPP.4.1.0
2025-04-30 07:41:50,172 [WARN] PackLoader:240 - Cannot read IP mode file for STMicroelectronics.X-CUBE-TOUCHGFX.4.21.1
2025-04-30 07:41:50,192 [WARN] PackLoader:240 - Cannot read IP mode file for STMicroelectronics.X-CUBE-MEMS1.9.4.0
2025-04-30 07:41:50,258 [WARN] PackLoader:240 - Cannot read IP mode file for STMicroelectronics.X-CUBE-AI.7.3.0
2025-04-30 07:41:50,265 [WARN] PackLoader:240 - Cannot read IP mode file for STMicroelectronics.X-CUBE-ALGOBUILD.1.3.0
2025-04-30 07:41:50,306 [WARN] PackLoader:240 - Cannot read IP mode file for STMicroelectronics.X-CUBE-MEMS1.11.2.0
2025-04-30 07:41:50,396 [WARN] PackLoader:240 - Cannot read IP mode file for STMicroelectronics.X-CUBE-AZRTOS-G0.1.1.0
2025-04-30 07:41:50,405 [WARN] PackLoader:240 - Cannot read IP mode file for STMicroelectronics.X-CUBE-SAFEA1.1.2.2
2025-04-30 07:41:50,412 [WARN] PackLoader:240 - Cannot read IP mode file for STMicroelectronics.X-CUBE-NFC4.3.0.0
2025-04-30 07:41:50,435 [WARN] PackLoader:240 - Cannot read IP mode file for SEGGER.I-CUBE-embOS.1.2.0
2025-04-30 07:41:50,459 [WARN] PackLoader:240 - Cannot read IP mode file for EmbeddedOffice.I-CUBE-FS-RTOS.1.0.1
2025-04-30 07:41:50,464 [WARN] PackLoader:240 - Cannot read IP mode file for STMicroelectronics.X-CUBE-WB05N.2.0.0
2025-04-30 07:41:50,470 [WARN] PackLoader:240 - Cannot read IP mode file for STMicroelectronics.X-CUBE-BLEMGR.3.0.0
2025-04-30 07:41:50,477 [WARN] PackLoader:240 - Cannot read IP mode file for STMicroelectronics.X-CUBE-BLEMGR.1.3.0
2025-04-30 07:41:50,483 [WARN] PackLoader:240 - Cannot read IP mode file for STMicroelectronics.X-CUBE-TCPP.4.2.0
2025-04-30 07:41:50,491 [WARN] PackLoader:240 - Cannot read IP mode file for RealThread.X-CUBE-RT-Thread_Nano.4.1.1
2025-04-30 07:41:50,496 [WARN] PackLoader:240 - Cannot read IP mode file for STMicroelectronics.FP-ATR-SIGFOX1.3.2.0
2025-04-30 07:41:50,502 [WARN] PackLoader:240 - Cannot read IP mode file for wolfSSL.I-CUBE-wolfSSL.5.7.2
2025-04-30 07:41:50,508 [WARN] ConditionMgr:438 - getConditionDescription Invalid condition id : Cortex-A Device cause : null
2025-04-30 07:41:50,520 [WARN] ConditionMgr:1044 - genDependencies : Invalid condition id : Cortex-A Device cause : null
2025-04-30 07:41:50,521 [WARN] ConditionMgr:1044 - genDependencies : Invalid condition id : Cortex-A Device cause : null
2025-04-30 07:41:50,521 [WARN] ConditionMgr:1044 - genDependencies : Invalid condition id : Cortex-A Device cause : null
2025-04-30 07:41:50,527 [WARN] PackLoader:240 - Cannot read IP mode file for STMicroelectronics.X-CUBE-EEPRMA1.5.1.0
2025-04-30 07:41:50,533 [WARN] PackLoader:240 - Cannot read IP mode file for emotas.I-CUBE-CANOPEN.1.1.2
2025-04-30 07:41:50,537 [WARN] PackLoader:240 - Cannot read IP mode file for STMicroelectronics.X-CUBE-TOUCHGFX.4.20.0
2025-04-30 07:41:50,546 [WARN] PackLoader:240 - Cannot read IP mode file for ITTIA_DB.I-CUBE-ITTIADB.8.9.0
2025-04-30 07:41:50,568 [WARN] PackLoader:240 - Cannot read IP mode file for STMicroelectronics.X-CUBE-MEMS1.9.5.0
2025-04-30 07:41:50,652 [WARN] PackLoader:240 - Cannot read IP mode file for SEGGER.I-CUBE-embOS.1.3.1
2025-04-30 07:41:50,671 [WARN] PackLoader:240 - Cannot read IP mode file for STMicroelectronics.X-CUBE-ALGOBUILD.1.4.0
2025-04-30 07:41:50,675 [WARN] PackLoader:240 - Cannot read IP mode file for STMicroelectronics.X-CUBE-AI.9.1.0
2025-04-30 07:41:50,680 [WARN] PackLoader:240 - Cannot read IP mode file for STMicroelectronics.X-CUBE-TOF1.3.0.0
2025-04-30 07:41:50,686 [WARN] PackLoader:240 - Cannot read IP mode file for STMicroelectronics.X-CUBE-GNSS1.6.0.0
2025-04-30 07:41:50,699 [WARN] PackLoader:240 - Cannot read IP mode file for STMicroelectronics.X-CUBE-AZRTOS-F4.1.1.0
2025-04-30 07:41:50,708 [WARN] PackLoader:240 - Cannot read IP mode file for Avnet-IotConnect.X-CUBE-IoTC-DA16k-PMOD.1.0.0
2025-04-30 07:41:50,712 [WARN] PackLoader:240 - Cannot read IP mode file for STMicroelectronics.X-CUBE-ISPU.2.1.0
2025-04-30 07:41:50,718 [WARN] PackLoader:240 - Cannot read IP mode file for STMicroelectronics.X-CUBE-FREERTOS.1.2.0
2025-04-30 07:41:50,730 [WARN] PackLoader:240 - Cannot read IP mode file for STMicroelectronics.X-CUBE-AZRTOS-L5.2.0.0
2025-04-30 07:41:50,821 [WARN] PackLoader:240 - Cannot read IP mode file for STMicroelectronics.X-CUBE-MEMS1.9.6.0
2025-04-30 07:41:50,925 [WARN] PackLoader:240 - Cannot read IP mode file for STMicroelectronics.X-CUBE-EEPRMA1.4.2.0
2025-04-30 07:41:50,933 [WARN] PackLoader:240 - Cannot read IP mode file for STMicroelectronics.X-CUBE-NFC6.3.1.0
2025-04-30 07:41:50,938 [WARN] PackLoader:240 - Cannot read IP mode file for ITTIA_DB.I-CUBE-ITTIADB.8.8.0
2025-04-30 07:41:50,943 [WARN] PackLoader:240 - Cannot read IP mode file for STMicroelectronics.X-CUBE-BLEMGR.2.0.0
2025-04-30 07:41:50,949 [WARN] PackLoader:240 - Cannot read IP mode file for STMicroelectronics.X-CUBE-DPower.1.2.0
2025-04-30 07:41:50,954 [WARN] PackLoader:240 - Cannot read IP mode file for STMicroelectronics.X-CUBE-NFC4.2.0.5
2025-04-30 07:41:50,958 [WARN] PackLoader:240 - Cannot read IP mode file for STMicroelectronics.X-CUBE-NFC4.2.0.4
2025-04-30 07:41:50,961 [WARN] PackLoader:240 - Cannot read IP mode file for STMicroelectronics.X-CUBE-AI.9.0.0
2025-04-30 07:41:50,969 [WARN] ConditionMgr:438 - getConditionDescription Invalid condition id : UX DEVICE CLASS RTOS Condition cause : null
2025-04-30 07:41:50,969 [WARN] ConditionMgr:438 - getConditionDescription Invalid condition id : UX DEVICE CLASS RTOS Condition cause : null
2025-04-30 07:41:50,971 [WARN] PackLoader:240 - Cannot read IP mode file for STMicroelectronics.X-CUBE-AZRTOS-H7.3.1.0
2025-04-30 07:41:50,972 [WARN] ConditionMgr:1044 - genDependencies : Invalid condition id : UX DEVICE CLASS RTOS Condition cause : null
2025-04-30 07:41:50,972 [WARN] ConditionMgr:1044 - genDependencies : Invalid condition id : UX DEVICE CLASS RTOS Condition cause : null
2025-04-30 07:41:50,972 [WARN] ConditionMgr:1044 - genDependencies : Invalid condition id : UX DEVICE CLASS RTOS Condition cause : null
2025-04-30 07:41:50,972 [WARN] ConditionMgr:1044 - genDependencies : Invalid condition id : UX DEVICE CLASS RTOS Condition cause : null
2025-04-30 07:41:50,972 [WARN] ConditionMgr:1044 - genDependencies : Invalid condition id : UX DEVICE CLASS RTOS Condition cause : null
2025-04-30 07:41:50,979 [WARN] PackLoader:240 - Cannot read IP mode file for STMicroelectronics.X-CUBE-SFXS2LP1.3.1.0
2025-04-30 07:41:50,988 [WARN] PackLoader:240 - Cannot read IP mode file for STMicroelectronics.X-CUBE-AZRTOS-F4.1.0.0
2025-04-30 07:41:50,993 [WARN] PackLoader:240 - Cannot read IP mode file for STMicroelectronics.X-CUBE-FREERTOS.1.3.0
2025-04-30 07:41:50,998 [WARN] PackLoader:240 - Cannot read IP mode file for STMicroelectronics.X-CUBE-NFC7.1.0.1
2025-04-30 07:41:51,002 [WARN] PackLoader:240 - Cannot read IP mode file for STMicroelectronics.X-CUBE-NFC7.1.0.0
2025-04-30 07:41:51,007 [WARN] PackLoader:240 - Cannot read IP mode file for wolfSSL.I-CUBE-wolfTPM.3.2.0
2025-04-30 07:41:51,012 [WARN] PackLoader:240 - Cannot read IP mode file for STMicroelectronics.X-CUBE-NFC6.3.0.0
2025-04-30 07:41:51,018 [WARN] PackLoader:240 - Cannot read IP mode file for STMicroelectronics.X-CUBE-EEPRMA1.4.1.0
2025-04-30 07:41:51,023 [WARN] PackLoader:240 - Cannot read IP mode file for STMicroelectronics.X-CUBE-DPower.1.3.0
2025-04-30 07:41:51,026 [WARN] PackLoader:240 - Cannot read IP mode file for STMicroelectronics.X-CUBE-AI.8.1.0
2025-04-30 07:41:51,036 [WARN] PackLoader:240 - Cannot read IP mode file for STMicroelectronics.X-CUBE-AZRTOS-G0.1.0.0
2025-04-30 07:41:51,050 [WARN] ConditionMgr:438 - getConditionDescription Invalid condition id : LAN8742 Phy interface Condition cause : null
2025-04-30 07:41:51,050 [WARN] PackLoader:240 - Cannot read IP mode file for STMicroelectronics.X-CUBE-AZRTOS-L4.2.0.0
2025-04-30 07:41:51,051 [WARN] ConditionMgr:1044 - genDependencies : Invalid condition id : LAN8742 Phy interface Condition cause : null
2025-04-30 07:41:51,051 [WARN] ConditionMgr:1044 - genDependencies : Invalid condition id : LAN8742 Phy interface Condition cause : null
2025-04-30 07:41:51,051 [WARN] ConditionMgr:1044 - genDependencies : Invalid condition id : LAN8742 Phy interface Condition cause : null
2025-04-30 07:41:51,056 [WARN] PackLoader:240 - Cannot read IP mode file for STMicroelectronics.X-CUBE-SFXS2LP1.4.0.0
2025-04-30 07:41:51,071 [WARN] PackLoader:240 - Cannot read IP mode file for STMicroelectronics.X-CUBE-AZRTOS-H7.3.0.0
2025-04-30 07:41:51,076 [WARN] PackLoader:240 - Cannot read IP mode file for STMicroelectronics.X-CUBE-ISPU.1.1.0
2025-04-30 07:41:51,087 [WARN] PackLoader:240 - Cannot read IP mode file for STMicroelectronics.X-CUBE-AZRTOS-H7.3.3.0
2025-04-30 07:41:51,097 [WARN] PackLoader:240 - Cannot read IP mode file for RoweBots.I-CUBE-UNISONRTOS.5.5.0-4
2025-04-30 07:41:51,101 [WARN] PackLoader:240 - Cannot read IP mode file for STMicroelectronics.X-CUBE-AI.8.0.0
2025-04-30 07:41:51,107 [WARN] PackLoader:240 - Cannot read IP mode file for STMicroelectronics.X-CUBE-IPS.3.0.0
2025-04-30 07:41:51,118 [WARN] ConditionMgr:438 - getConditionDescription Invalid condition id : UX DEVICE CLASS RTOS Condition cause : null
2025-04-30 07:41:51,118 [WARN] ConditionMgr:438 - getConditionDescription Invalid condition id : UX DEVICE CLASS RTOS Condition cause : null
2025-04-30 07:41:51,119 [WARN] PackLoader:240 - Cannot read IP mode file for STMicroelectronics.X-CUBE-AZRTOS-WB.2.0.0
2025-04-30 07:41:51,120 [WARN] ConditionMgr:1044 - genDependencies : Invalid condition id : UX DEVICE CLASS RTOS Condition cause : null
2025-04-30 07:41:51,120 [WARN] ConditionMgr:1044 - genDependencies : Invalid condition id : UX DEVICE CLASS RTOS Condition cause : null
2025-04-30 07:41:51,120 [WARN] ConditionMgr:1044 - genDependencies : Invalid condition id : UX DEVICE CLASS RTOS Condition cause : null
2025-04-30 07:41:51,120 [WARN] ConditionMgr:1044 - genDependencies : Invalid condition id : UX DEVICE CLASS RTOS Condition cause : null
2025-04-30 07:41:51,120 [WARN] ConditionMgr:1044 - genDependencies : Invalid condition id : UX DEVICE CLASS RTOS Condition cause : null
2025-04-30 07:41:51,124 [WARN] PackLoader:240 - Cannot read IP mode file for STMicroelectronics.X-CUBE-FREERTOS.1.0.0
2025-04-30 07:41:51,128 [WARN] PackLoader:240 - Cannot read IP mode file for STMicroelectronics.X-CUBE-FREERTOS.1.0.1
2025-04-30 07:41:51,132 [WARN] PackLoader:240 - Cannot read IP mode file for STMicroelectronics.X-CUBE-GNSS1.7.0.0
2025-04-30 07:41:51,137 [WARN] PackLoader:240 - Cannot read IP mode file for STMicroelectronics.X-CUBE-GNSS1.7.0.1
2025-04-30 07:41:51,143 [WARN] PackLoader:240 - Cannot read IP mode file for STMicroelectronics.X-CUBE-BLEMGR.1.0.0
2025-04-30 07:41:51,148 [WARN] PackLoader:240 - Cannot read IP mode file for STMicroelectronics.X-CUBE-TOUCHGFX.4.25.0
2025-04-30 07:41:51,155 [WARN] PackLoader:240 - Cannot read IP mode file for STMicroelectronics.FP-SNS-STBOX1.2.0.0
2025-04-30 07:41:51,164 [WARN] PackLoader:240 - Cannot read IP mode file for STMicroelectronics.X-CUBE-AZRTOS-L5.1.1.0
2025-04-30 07:41:51,169 [WARN] PackLoader:240 - Cannot read IP mode file for STMicroelectronics.X-CUBE-AI.8.0.1
2025-04-30 07:41:51,176 [WARN] PackLoader:240 - Cannot read IP mode file for STMicroelectronics.X-CUBE-SUBG2.5.0.0
2025-04-30 07:41:51,193 [WARN] PackLoader:240 - Cannot read IP mode file for STMicroelectronics.X-CUBE-AZRTOS-H7RS.1.1.0
2025-04-30 07:41:51,202 [WARN] PackLoader:240 - Cannot read IP mode file for Cesanta.I-CUBE-Mongoose.7.13.0
2025-04-30 07:41:51,209 [WARN] PackLoader:240 - Cannot read IP mode file for STMicroelectronics.X-CUBE-TOF1.3.3.1
2025-04-30 07:41:51,227 [WARN] PackLoader:240 - Cannot read IP mode file for STMicroelectronics.X-CUBE-AZRTOS-G4.2.0.0
2025-04-30 07:41:51,232 [WARN] PackLoader:240 - Cannot read IP mode file for STMicroelectronics.FP-ATR-ASTRA1.1.1.1
2025-04-30 07:41:51,243 [WARN] PackLoader:240 - Cannot read IP mode file for Infineon.AIROC-Wi-Fi-Bluetooth-STM32.1.5.1
2025-04-30 07:41:51,249 [WARN] PackLoader:240 - Cannot read IP mode file for STMicroelectronics.FP-ATR-ASTRA1.1.1.0
2025-04-30 07:41:51,254 [WARN] PackLoader:240 - Cannot read IP mode file for STMicroelectronics.FP-SNS-MOTENVWB1.1.3.1
2025-04-30 07:41:51,262 [WARN] PackLoader:240 - Cannot read IP mode file for STMicroelectronics.X-CUBE-AZRTOS-G4.1.0.0
2025-04-30 07:41:51,266 [WARN] PackLoader:240 - Cannot read IP mode file for wolfSSL.I-CUBE-wolfSSL.5.3.0
2025-04-30 07:41:51,274 [WARN] PackLoader:240 - Cannot read IP mode file for STMicroelectronics.X-CUBE-AZRTOS-L4.1.0.0
2025-04-30 07:41:51,277 [WARN] PackLoader:240 - Cannot read IP mode file for STMicroelectronics.X-CUBE-ISPU.2.0.0
2025-04-30 07:41:51,284 [WARN] PackLoader:240 - Cannot read IP mode file for STMicroelectronics.X-CUBE-IPS.3.1.0
2025-04-30 07:41:51,291 [WARN] PackLoader:240 - Cannot read IP mode file for STMicroelectronics.X-CUBE-ALS.1.0.2
2025-04-30 07:41:51,313 [WARN] PackLoader:240 - Cannot read IP mode file for STMicroelectronics.X-CUBE-MEMS1.10.0.0
2025-04-30 07:41:51,389 [WARN] PackLoader:240 - Cannot read IP mode file for STMicroelectronics.X-CUBE-FREERTOS.1.1.0
2025-04-30 07:41:51,392 [WARN] PackLoader:240 - Cannot read IP mode file for STMicroelectronics.X-CUBE-TOUCHGFX.4.24.0
2025-04-30 07:41:51,400 [WARN] PackLoader:240 - Cannot read IP mode file for STMicroelectronics.X-CUBE-AZRTOS-F7.1.0.0
2025-04-30 07:41:51,404 [WARN] PackLoader:240 - Cannot read IP mode file for STMicroelectronics.X-CUBE-TOUCHGFX.4.24.2
2025-04-30 07:41:51,410 [WARN] PackLoader:240 - Cannot read IP mode file for STMicroelectronics.X-CUBE-AZRTOS-WL.1.0.0
2025-04-30 07:41:51,413 [WARN] PackLoader:240 - Cannot read IP mode file for STMicroelectronics.X-CUBE-TOUCHGFX.4.24.1
2025-04-30 07:41:51,419 [WARN] PackLoader:240 - Cannot read IP mode file for portGmbH.I-Cube-SoM-uGOAL.1.1.0
2025-04-30 07:41:51,423 [WARN] PackLoader:240 - Cannot read IP mode file for STMicroelectronics.X-CUBE-ALS.1.0.1
2025-04-30 07:41:51,430 [WARN] PackLoader:240 - Cannot read IP mode file for STMicroelectronics.X-CUBE-AZRTOS-WB.1.1.0
2025-04-30 07:41:51,437 [WARN] PackLoader:240 - Cannot read IP mode file for STMicroelectronics.X-CUBE-AZRTOS-L5.1.0.0
2025-04-30 07:41:51,441 [WARN] PackLoader:240 - Cannot read IP mode file for STMicroelectronics.X-CUBE-EEPRMA1.3.1.1
2025-04-30 07:41:51,450 [WARN] PackLoader:240 - Cannot read IP mode file for STMicroelectronics.X-CUBE-AZRTOS-H7RS.1.0.0
2025-04-30 07:41:51,455 [WARN] PackLoader:240 - Cannot read IP mode file for STMicroelectronics.X-CUBE-GNSS1.5.2.0
2025-04-30 07:41:51,458 [WARN] PackLoader:240 - Cannot read IP mode file for STMicroelectronics.FP-ATR-ASTRA1.2.0.0
2025-04-30 07:41:51,463 [WARN] PackLoader:240 - Cannot read IP mode file for STMicroelectronics.X-CUBE-TOF1.3.4.2
2025-04-30 07:41:51,474 [WARN] PackLoader:240 - Cannot read IP mode file for STMicroelectronics.X-CUBE-TOF1.3.4.3
2025-04-30 07:41:51,485 [WARN] PackLoader:240 - Cannot read IP mode file for STMicroelectronics.X-CUBE-TOF1.3.4.0
2025-04-30 07:41:51,499 [WARN] PackLoader:240 - Cannot read IP mode file for Infineon.AIROC-Wi-Fi-Bluetooth-STM32.1.6.1
2025-04-30 07:41:51,529 [WARN] PackLoader:240 - Cannot read IP mode file for STMicroelectronics.X-CUBE-TOF1.3.4.1
2025-04-30 07:41:51,550 [WARN] PackLoader:240 - Cannot read IP mode file for STMicroelectronics.X-CUBE-AZRTOS-H7.3.2.0
2025-04-30 07:41:51,641 [WARN] PackLoader:240 - Cannot read IP mode file for wolfSSL.I-CUBE-wolfSSH.1.4.17
2025-04-30 07:41:51,641 [INFO] ThirdParty:978 - Integrity check success = true
2025-04-30 07:41:51,641 [INFO] IntegrityCheckThread:100 - exiting critical section [integrity check]
2025-04-30 07:41:51,641 [INFO] IntegrityCheckThread:103 - End integrity checks thread
2025-04-30 07:42:37,756 [ERROR] LogOutputStream:75 - [STDERR_REDIRECT] 
2025-04-30 07:42:37,757 [ERROR] LogOutputStream:75 - [STDERR_REDIRECT] 
2025-04-30 07:42:51,939 [INFO] Activator:176 - 


2025-04-30 07:42:51,940 [INFO] Activator:177 - !SESSION log4j initialized
2025-04-30 07:42:54,736 [INFO] LogOutputStream:77 - [STDOUT_REDIRECT] 
