2025-04-30 12:56:56,657 [INFO] Activator:176 - 


2025-04-30 12:56:56,662 [INFO] Activator:177 - !SESSION log4j initialized
2025-04-30 12:57:03,275 [INFO] LogOutputStream:77 - [STDOUT_REDIRECT] 
2025-04-30 12:57:08,854 [INFO] ApplicationProperties:184 - Using Application install path: C:\ST\STM32CubeIDE_1.14.0\STM32CubeIDE\plugins\com.st.stm32cube.common.mx_6.12.1.202409122256
2025-04-30 12:57:08,902 [INFO] DbMcusXml:78 - Set database path to: C:\ST\STM32CubeIDE_1.14.0\STM32CubeIDE\plugins\com.st.stm32cube.common.mx_6.12.1.202409122256\\db\/mcu/
2025-04-30 12:57:08,903 [INFO] ApiDb:274 - Set plugin database path to: C:\ST\STM32CubeIDE_1.14.0\STM32CubeIDE\plugins\com.st.stm32cube.common.mx_6.12.1.202409122256\\db\/plugins/boardmanager/
2025-04-30 12:57:08,904 [WARN] ApiDb:259 - Overriding images path with different value:  => C:\ST\STM32CubeIDE_1.14.0\STM32CubeIDE\plugins\com.st.stm32cube.common.mx_6.12.1.202409122256\\db\/plugins/mcufinder/images/
2025-04-30 12:57:08,938 [INFO] ApiDb:250 - Set database path to: C:\Users\Parry\.stmcufinder\plugins\mcufinder//mcu/
2025-04-30 12:57:08,942 [INFO] DbMcusAds:125 - Set database path to: C:\Users\Parry\.stmcufinder\plugins\mcufinder//mcu/
2025-04-30 12:57:08,947 [INFO] CrossReferenceDbSqlite:203 - Set database path to: C:\Users\Parry\.stmcufinder\plugins\mcufinder//mcu/cs/
2025-04-30 12:57:09,287 [INFO] RulesReader:64 - Compatibility file has been processed (297 Rules)
2025-04-30 12:57:09,473 [INFO] DbMcusXml:78 - Set database path to: C:\ST\STM32CubeIDE_1.14.0\STM32CubeIDE\plugins\com.st.stm32cube.common.mx_6.12.1.202409122256\\db\/mcu/
2025-04-30 12:57:09,474 [INFO] ApiDb:274 - Set plugin database path to: C:\ST\STM32CubeIDE_1.14.0\STM32CubeIDE\plugins\com.st.stm32cube.common.mx_6.12.1.202409122256\\db\/plugins/boardmanager/
2025-04-30 12:57:09,474 [INFO] ApiDb:261 - Set plugin images path to: C:\ST\STM32CubeIDE_1.14.0\STM32CubeIDE\plugins\com.st.stm32cube.common.mx_6.12.1.202409122256\\db\/plugins/mcufinder/images/
2025-04-30 12:57:09,475 [WARN] DbFile:41 - Overriding database path with different value: C:\Users\Parry\.stmcufinder\plugins\mcufinder/ => C:\Users\Parry\.stmcufinder\plugins\mcufinder
2025-04-30 12:57:09,475 [INFO] ApiDb:250 - Set database path to: C:\Users\Parry\.stmcufinder\plugins\mcufinder//mcu/
2025-04-30 12:57:09,475 [WARN] DbFile:41 - Overriding database path with different value: C:\Users\Parry\.stmcufinder\plugins\mcufinder/ => C:\Users\Parry\.stmcufinder\plugins\mcufinder
2025-04-30 12:57:09,475 [INFO] DbMcusAds:125 - Set database path to: C:\Users\Parry\.stmcufinder\plugins\mcufinder//mcu/
2025-04-30 12:57:09,476 [WARN] DbFile:41 - Overriding database path with different value: C:\Users\Parry\.stmcufinder\plugins\mcufinder/ => C:\Users\Parry\.stmcufinder\plugins\mcufinder
2025-04-30 12:57:09,476 [WARN] DbFile:41 - Overriding database path with different value: C:\Users\Parry\.stmcufinder\plugins\mcufinder/ => C:\Users\Parry\.stmcufinder\plugins\mcufinder
2025-04-30 12:57:09,476 [INFO] CrossReferenceDbSqlite:203 - Set database path to: C:\Users\Parry\.stmcufinder\plugins\mcufinder//mcu/cs/
2025-04-30 12:57:09,658 [INFO] MainPanel:268 - HeapMemory: 268435456
2025-04-30 12:57:09,977 [INFO] DbMcusXml:78 - Set database path to: C:\ST\STM32CubeIDE_1.14.0\STM32CubeIDE\plugins\com.st.stm32cube.common.mx_6.12.1.202409122256\\db\/mcu/
2025-04-30 12:57:09,977 [INFO] ApiDb:274 - Set plugin database path to: C:\ST\STM32CubeIDE_1.14.0\STM32CubeIDE\plugins\com.st.stm32cube.common.mx_6.12.1.202409122256\\db\/plugins/boardmanager/
2025-04-30 12:57:09,977 [INFO] ApiDb:261 - Set plugin images path to: C:\ST\STM32CubeIDE_1.14.0\STM32CubeIDE\plugins\com.st.stm32cube.common.mx_6.12.1.202409122256\\db\/plugins/mcufinder/images/
2025-04-30 12:57:09,977 [WARN] DbFile:41 - Overriding database path with different value: C:\Users\Parry\.stmcufinder\plugins\mcufinder/ => C:\Users\Parry\.stmcufinder\plugins\mcufinder
2025-04-30 12:57:09,978 [INFO] ApiDb:250 - Set database path to: C:\Users\Parry\.stmcufinder\plugins\mcufinder//mcu/
2025-04-30 12:57:09,978 [WARN] DbFile:41 - Overriding database path with different value: C:\Users\Parry\.stmcufinder\plugins\mcufinder/ => C:\Users\Parry\.stmcufinder\plugins\mcufinder
2025-04-30 12:57:09,978 [INFO] DbMcusAds:125 - Set database path to: C:\Users\Parry\.stmcufinder\plugins\mcufinder//mcu/
2025-04-30 12:57:09,978 [WARN] DbFile:41 - Overriding database path with different value: C:\Users\Parry\.stmcufinder\plugins\mcufinder/ => C:\Users\Parry\.stmcufinder\plugins\mcufinder
2025-04-30 12:57:09,978 [WARN] DbFile:41 - Overriding database path with different value: C:\Users\Parry\.stmcufinder\plugins\mcufinder/ => C:\Users\Parry\.stmcufinder\plugins\mcufinder
2025-04-30 12:57:09,978 [INFO] CrossReferenceDbSqlite:203 - Set database path to: C:\Users\Parry\.stmcufinder\plugins\mcufinder//mcu/cs/
2025-04-30 12:57:10,015 [INFO] ApplicationProperties:184 - Using Application install path: C:\ST\STM32CubeIDE_1.14.0\STM32CubeIDE\plugins\com.st.stm32cube.common.mx_6.12.1.202409122256
2025-04-30 12:57:10,018 [INFO] PluginManage:196 - Search for loadable plugins [exclusion list=, ]
2025-04-30 12:57:10,021 [INFO] PluginManage:310 - Check plugin analytics
2025-04-30 12:57:10,392 [INFO] AnalyticsPlugin:253 - Accepted Software Licenses: STM32CubeMX.6.11.1,STM32CubeMX.6.12.1,STM32CubeMX.6.14.1
2025-04-30 12:57:10,393 [INFO] AnalyticsPlugin:255 - Accepted CMSIS Pack Licenses: 
2025-04-30 12:57:10,393 [INFO] AnalyticsPlugin:257 - Accepted Firmware Licenses: FW.WB.1.20.0,FW.WB.1.19.0,FW.F4.1.28.0
2025-04-30 12:57:10,399 [INFO] PluginManage:359 - Loaded plugin analytics (category:tool,tabindex:-1)
2025-04-30 12:57:10,399 [INFO] PluginManage:310 - Check plugin cadmodel
2025-04-30 12:57:10,441 [INFO] CADModel:105 - Init CAD model plugin
2025-04-30 12:57:10,441 [INFO] PluginManage:359 - Loaded plugin cadmodel (category:power,tabindex:5)
2025-04-30 12:57:10,442 [INFO] PluginManage:310 - Check plugin clock
2025-04-30 12:57:10,512 [INFO] PluginManage:359 - Loaded plugin clock (category:base,tabindex:2)
2025-04-30 12:57:10,513 [INFO] PluginManage:310 - Check plugin ddr
2025-04-30 12:57:10,517 [INFO] PluginManage:359 - Loaded plugin ddr (category:tool,tabindex:6)
2025-04-30 12:57:10,517 [INFO] PluginManage:310 - Check plugin filemanager
2025-04-30 12:57:10,857 [INFO] PluginManage:359 - Loaded plugin filemanager (category:base,tabindex:10)
2025-04-30 12:57:10,857 [INFO] PluginManage:310 - Check plugin ipmanager
2025-04-30 12:57:10,873 [INFO] PluginManage:359 - Loaded plugin ipmanager (category:base,tabindex:5)
2025-04-30 12:57:10,874 [INFO] PluginManage:310 - Check plugin lpbam
2025-04-30 12:57:10,917 [INFO] PluginManage:359 - Loaded plugin lpbam (category:base,tabindex:0)
2025-04-30 12:57:10,917 [INFO] PluginManage:310 - Check plugin memorymap
2025-04-30 12:57:10,974 [INFO] PluginManage:359 - Loaded plugin memorymap (category:base,tabindex:4)
2025-04-30 12:57:10,974 [INFO] PluginManage:310 - Check plugin pinoutandconfiguration
2025-04-30 12:57:11,024 [INFO] PluginManage:359 - Loaded plugin pinoutandconfiguration (category:base,tabindex:1)
2025-04-30 12:57:11,025 [INFO] PluginManage:310 - Check plugin pinoutconfig
2025-04-30 12:57:11,251 [WARN] SupportedApi:132 - Cannot load RTOS API schema: s4s-elt-must-match.1: The content of 'definitions' must match (annotation?, (simpleType | complexType)?, (unique | key | keyref)*)). A problem was found starting at: attribute.
2025-04-30 12:57:11,553 [INFO] PluginManage:359 - Loaded plugin pinoutconfig (category:base,tabindex:0)
2025-04-30 12:57:11,553 [INFO] PluginManage:310 - Check plugin power
2025-04-30 12:57:11,627 [INFO] PluginManage:359 - Loaded plugin power (category:power,tabindex:4)
2025-04-30 12:57:11,628 [INFO] PluginManage:310 - Check plugin projectmanager
2025-04-30 12:57:11,663 [INFO] PluginManage:359 - Loaded plugin projectmanager (category:projectmanager,tabindex:4)
2025-04-30 12:57:11,663 [INFO] PluginManage:310 - Check plugin rif
2025-04-30 12:57:11,707 [INFO] PluginManage:359 - Loaded plugin rif (category:base,tabindex:3)
2025-04-30 12:57:11,708 [INFO] PluginManage:310 - Check plugin thirdparty
2025-04-30 12:57:12,175 [INFO] PluginManage:359 - Loaded plugin thirdparty (category:base,tabindex:-1)
2025-04-30 12:57:12,175 [INFO] PluginManage:310 - Check plugin tools
2025-04-30 12:57:12,175 [WARN] IntegrityCheckThread:84 - waiting for thirdparty lock release [integrity check]
2025-04-30 12:57:12,177 [INFO] IntegrityCheckThread:86 - entering critical section [integrity check]
2025-04-30 12:57:12,178 [INFO] ThirdPartyUpdaterWithRetryManager:70 - Updater plugin not ready yet. [1/15]
2025-04-30 12:57:12,188 [INFO] PluginManage:359 - Loaded plugin tools (category:base,tabindex:7)
2025-04-30 12:57:12,189 [INFO] PluginManage:310 - Check plugin tutovideos
2025-04-30 12:57:12,635 [INFO] PluginManage:359 - Loaded plugin tutovideos (category:base,tabindex:-1)
2025-04-30 12:57:12,635 [INFO] PluginManage:310 - Check plugin updater
2025-04-30 12:57:12,711 [INFO] PluginManage:359 - Loaded plugin updater (category:base,tabindex:12)
2025-04-30 12:57:12,712 [INFO] PluginManage:310 - Check plugin userauth
2025-04-30 12:57:12,730 [INFO] UserAuth:113 - Init User Auth plugin
2025-04-30 12:57:12,730 [INFO] PluginManage:359 - Loaded plugin userauth (category:base,tabindex:14)
2025-04-30 12:57:12,731 [INFO] PluginManage:283 - PluginManage : Loaded plugins [18]
2025-04-30 12:57:13,263 [INFO] PinOutPanel:1561 - setPackage(No Configuration,No Configuration)
2025-04-30 12:57:13,511 [INFO] CADModel:165 - CPN selected for project level
2025-04-30 12:57:13,512 [INFO] CADModel:114 - Register for checkConnection events
2025-04-30 12:57:13,589 [INFO] IPUIPlugin:80 - create IPUIPlugin
2025-04-30 12:57:13,590 [INFO] PluginManager:220 - loadIPPluginJar : add adc
2025-04-30 12:57:13,701 [INFO] IPUIPlugin:80 - create IPUIPlugin
2025-04-30 12:57:13,701 [INFO] PluginManager:220 - loadIPPluginJar : add aes
2025-04-30 12:57:13,844 [INFO] IPUIPlugin:80 - create IPUIPlugin
2025-04-30 12:57:13,844 [INFO] PluginManager:220 - loadIPPluginJar : add can
2025-04-30 12:57:13,851 [INFO] IPUIPlugin:80 - create IPUIPlugin
2025-04-30 12:57:13,852 [INFO] PluginManager:220 - loadIPPluginJar : add comp
2025-04-30 12:57:13,980 [INFO] IPUIPlugin:80 - create IPUIPlugin
2025-04-30 12:57:13,981 [INFO] PluginManager:220 - loadIPPluginJar : add cryp
2025-04-30 12:57:14,021 [INFO] IPUIPlugin:80 - create IPUIPlugin
2025-04-30 12:57:14,021 [INFO] PluginManager:220 - loadIPPluginJar : add ddr_ctrl_phy
2025-04-30 12:57:14,029 [INFO] IPUIPlugin:80 - create IPUIPlugin
2025-04-30 12:57:14,029 [INFO] PluginManager:220 - loadIPPluginJar : add dfsdm
2025-04-30 12:57:14,078 [INFO] IPUIPlugin:80 - create IPUIPlugin
2025-04-30 12:57:14,080 [INFO] PluginManager:220 - loadIPPluginJar : add dma
2025-04-30 12:57:14,237 [INFO] IPUIPlugin:80 - create IPUIPlugin
2025-04-30 12:57:14,237 [INFO] PluginManager:220 - loadIPPluginJar : add dma3
2025-04-30 12:57:14,377 [INFO] IPUIPlugin:80 - create IPUIPlugin
2025-04-30 12:57:14,377 [INFO] PluginManager:220 - loadIPPluginJar : add extmemmanager
2025-04-30 12:57:14,382 [INFO] IPUIPlugin:80 - create IPUIPlugin
2025-04-30 12:57:14,382 [INFO] PluginManager:220 - loadIPPluginJar : add fatfs
2025-04-30 12:57:14,530 [INFO] IPUIPlugin:80 - create IPUIPlugin
2025-04-30 12:57:14,531 [INFO] PluginManager:220 - loadIPPluginJar : add fmc
2025-04-30 12:57:14,569 [INFO] IPUIPlugin:80 - create IPUIPlugin
2025-04-30 12:57:14,569 [INFO] PluginManager:220 - loadIPPluginJar : add freertos
2025-04-30 12:57:14,576 [INFO] IPUIPlugin:80 - create IPUIPlugin
2025-04-30 12:57:14,576 [INFO] PluginManager:220 - loadIPPluginJar : add genericplugin
2025-04-30 12:57:14,927 [INFO] IPUIPlugin:80 - create IPUIPlugin
2025-04-30 12:57:14,927 [INFO] PluginManager:220 - loadIPPluginJar : add gfxmmu
2025-04-30 12:57:15,180 [INFO] ThirdPartyUpdaterWithRetryManager:70 - Updater plugin not ready yet. [2/15]
2025-04-30 12:57:15,332 [INFO] IPUIPlugin:80 - create IPUIPlugin
2025-04-30 12:57:15,332 [INFO] PluginManager:220 - loadIPPluginJar : add gic
2025-04-30 12:57:15,360 [INFO] IPUIPlugin:80 - create IPUIPlugin
2025-04-30 12:57:15,360 [INFO] PluginManager:220 - loadIPPluginJar : add gpio
2025-04-30 12:57:15,599 [INFO] IPUIPlugin:80 - create IPUIPlugin
2025-04-30 12:57:15,600 [INFO] PluginManager:220 - loadIPPluginJar : add gtzc
2025-04-30 12:57:15,606 [INFO] IPUIPlugin:80 - create IPUIPlugin
2025-04-30 12:57:15,606 [INFO] PluginManager:220 - loadIPPluginJar : add hash
2025-04-30 12:57:15,747 [INFO] IPUIPlugin:80 - create IPUIPlugin
2025-04-30 12:57:15,747 [INFO] PluginManager:220 - loadIPPluginJar : add i2c
2025-04-30 12:57:15,858 [INFO] IPUIPlugin:80 - create IPUIPlugin
2025-04-30 12:57:15,858 [INFO] PluginManager:220 - loadIPPluginJar : add i2s
2025-04-30 12:57:15,967 [INFO] IPUIPlugin:80 - create IPUIPlugin
2025-04-30 12:57:15,967 [INFO] PluginManager:220 - loadIPPluginJar : add i3c
2025-04-30 12:57:16,234 [INFO] IPUIPlugin:80 - create IPUIPlugin
2025-04-30 12:57:16,235 [INFO] PluginManager:220 - loadIPPluginJar : add ipddr
2025-04-30 12:57:16,500 [INFO] IPUIPlugin:80 - create IPUIPlugin
2025-04-30 12:57:16,500 [INFO] PluginManager:220 - loadIPPluginJar : add linkedlist
2025-04-30 12:57:16,598 [INFO] IPUIPlugin:80 - create IPUIPlugin
2025-04-30 12:57:16,598 [INFO] PluginManager:220 - loadIPPluginJar : add lorawan
2025-04-30 12:57:16,701 [INFO] IPUIPlugin:80 - create IPUIPlugin
2025-04-30 12:57:16,701 [INFO] PluginManager:220 - loadIPPluginJar : add ltdc
2025-04-30 12:57:16,733 [INFO] IPUIPlugin:80 - create IPUIPlugin
2025-04-30 12:57:16,733 [INFO] PluginManager:220 - loadIPPluginJar : add mdma
2025-04-30 12:57:16,767 [INFO] IPUIPlugin:80 - create IPUIPlugin
2025-04-30 12:57:16,767 [INFO] PluginManager:220 - loadIPPluginJar : add nvic
2025-04-30 12:57:16,867 [INFO] IPUIPlugin:80 - create IPUIPlugin
2025-04-30 12:57:16,867 [INFO] PluginManager:220 - loadIPPluginJar : add opamp
2025-04-30 12:57:17,033 [INFO] IPUIPlugin:80 - create IPUIPlugin
2025-04-30 12:57:17,033 [INFO] PluginManager:220 - loadIPPluginJar : add openamp
2025-04-30 12:57:17,155 [INFO] IPUIPlugin:80 - create IPUIPlugin
2025-04-30 12:57:17,155 [INFO] PluginManager:220 - loadIPPluginJar : add pdm2pcm
2025-04-30 12:57:17,191 [INFO] IPUIPlugin:80 - create IPUIPlugin
2025-04-30 12:57:17,195 [INFO] PluginManager:220 - loadIPPluginJar : add plateformsettings
2025-04-30 12:57:17,200 [INFO] IPUIPlugin:80 - create IPUIPlugin
2025-04-30 12:57:17,200 [INFO] PluginManager:220 - loadIPPluginJar : add quadspi
2025-04-30 12:57:17,205 [INFO] IPUIPlugin:80 - create IPUIPlugin
2025-04-30 12:57:17,209 [INFO] PluginManager:220 - loadIPPluginJar : add radio
2025-04-30 12:57:17,245 [INFO] IPUIPlugin:80 - create IPUIPlugin
2025-04-30 12:57:17,245 [INFO] PluginManager:220 - loadIPPluginJar : add resmgrutility
2025-04-30 12:57:17,371 [INFO] IPUIPlugin:80 - create IPUIPlugin
2025-04-30 12:57:17,371 [INFO] PluginManager:220 - loadIPPluginJar : add sai
2025-04-30 12:57:17,472 [INFO] IPUIPlugin:80 - create IPUIPlugin
2025-04-30 12:57:17,472 [INFO] PluginManager:220 - loadIPPluginJar : add spi
2025-04-30 12:57:17,647 [INFO] IPUIPlugin:80 - create IPUIPlugin
2025-04-30 12:57:17,648 [INFO] PluginManager:220 - loadIPPluginJar : add stm32_wpan
2025-04-30 12:57:17,652 [INFO] IPUIPlugin:80 - create IPUIPlugin
2025-04-30 12:57:17,652 [INFO] PluginManager:220 - loadIPPluginJar : add tim
2025-04-30 12:57:17,813 [INFO] IPUIPlugin:80 - create IPUIPlugin
2025-04-30 12:57:17,814 [INFO] PluginManager:220 - loadIPPluginJar : add touchsensing
2025-04-30 12:57:17,820 [INFO] IPUIPlugin:80 - create IPUIPlugin
2025-04-30 12:57:17,820 [INFO] PluginManager:220 - loadIPPluginJar : add tracer_emb
2025-04-30 12:57:17,890 [INFO] IPUIPlugin:80 - create IPUIPlugin
2025-04-30 12:57:17,890 [INFO] PluginManager:220 - loadIPPluginJar : add ts
2025-04-30 12:57:17,895 [INFO] IPUIPlugin:80 - create IPUIPlugin
2025-04-30 12:57:17,897 [INFO] PluginManager:220 - loadIPPluginJar : add tsc
2025-04-30 12:57:17,902 [INFO] IPUIPlugin:80 - create IPUIPlugin
2025-04-30 12:57:17,903 [INFO] PluginManager:220 - loadIPPluginJar : add ucpd
2025-04-30 12:57:18,030 [INFO] IPUIPlugin:80 - create IPUIPlugin
2025-04-30 12:57:18,030 [INFO] PluginManager:220 - loadIPPluginJar : add usart
2025-04-30 12:57:18,174 [INFO] IPUIPlugin:80 - create IPUIPlugin
2025-04-30 12:57:18,174 [INFO] PluginManager:220 - loadIPPluginJar : add usbx
2025-04-30 12:57:18,182 [INFO] ThirdPartyUpdaterWithRetryManager:70 - Updater plugin not ready yet. [3/15]
2025-04-30 12:57:18,345 [INFO] CADModel:165 - CPN selected for project level
2025-04-30 12:57:18,345 [INFO] CADModel:114 - Register for checkConnection events
2025-04-30 12:57:18,346 [FATAL] Updater:334 - Updater called before beeing initialized
2025-04-30 12:57:18,346 [ERROR] CADModel:125 - Updater not yet initialized, retry later 
2025-04-30 12:57:18,710 [INFO] CADModel:165 - CPN selected for project level
2025-04-30 12:57:18,711 [INFO] CADModel:114 - Register for checkConnection events
2025-04-30 12:57:18,711 [FATAL] Updater:334 - Updater called before beeing initialized
2025-04-30 12:57:18,711 [ERROR] CADModel:125 - Updater not yet initialized, retry later 
2025-04-30 12:57:18,717 [FATAL] Updater:334 - Updater called before beeing initialized
2025-04-30 12:57:18,961 [FATAL] Updater:334 - Updater called before beeing initialized
2025-04-30 12:57:18,974 [INFO] DbMcusAds:53 - JSON generation date=Thu Mar 06 06:54:22 PST 2025 (1741272862078)
2025-04-30 12:57:18,974 [FATAL] Updater:334 - Updater called before beeing initialized
2025-04-30 12:57:19,077 [WARN] DetailPanel:346 - Failed to get advertising image, set to default
2025-04-30 12:57:19,302 [FATAL] Updater:334 - Updater called before beeing initialized
2025-04-30 12:57:19,307 [FATAL] Updater:334 - Updater called before beeing initialized
2025-04-30 12:57:19,307 [FATAL] Updater:334 - Updater called before beeing initialized
2025-04-30 12:57:19,307 [WARN] DetailPanel:346 - Failed to get advertising image, set to default
2025-04-30 12:57:19,309 [FATAL] Updater:334 - Updater called before beeing initialized
2025-04-30 12:57:19,448 [ERROR] Updater:1164 - MainUpdater not yet initialized. External WinMGr cannot be set.
2025-04-30 12:57:19,474 [INFO] Updater:1100 - Updater Version found : 6.12.1
2025-04-30 12:57:19,511 [INFO] ApplicationProperties:184 - Using Application install path: C:\ST\STM32CubeIDE_1.14.0\STM32CubeIDE\plugins\com.st.stm32cube.common.mx_6.12.1.202409122256
2025-04-30 12:57:19,629 [INFO] MainUpdater:526 - Copy updater definitions from MX database
2025-04-30 12:57:20,037 [INFO] MainUpdater:2873 - connection check result : 10
2025-04-30 12:57:20,039 [INFO] MainUpdater:3567 - Updater definition file requires update
2025-04-30 12:57:20,041 [INFO] MainUpdater:290 - Updater Check For Update Now.
2025-04-30 12:57:20,041 [INFO] MicroXplorer:498 - Change Database Version : DB.6.0.121
2025-04-30 12:57:20,081 [INFO] McuFinderGlobals:63 - Set McuFinder mode to 2 (CubeIDE integrated)
2025-04-30 12:57:20,082 [INFO] UserAuth:417 - Internet connection configuration mode: 1
2025-04-30 12:57:20,115 [INFO] JxBrowserEngine:152 - Initiate JxBrowser Engine with user profile folder
2025-04-30 12:57:20,178 [INFO] ServerAccessManage:473 - Download File updaters.zip
2025-04-30 12:57:20,361 [INFO] FileExtend:240 - Unzip File : updaters.zip
2025-04-30 12:57:20,362 [INFO] FileExtend:255 - Standard Zip Deflate
2025-04-30 12:57:21,198 [WARN] MainUpdater:1194 - Updater busy. Cannot search thirdparties
2025-04-30 12:57:21,200 [INFO] ThirdPartyUpdaterWithRetryManager:96 - Updater plugin is busy. [1/15]
2025-04-30 12:57:21,655 [INFO] ServerAccessManage:473 - Download File PacksControlFlags.xml
2025-04-30 12:57:21,939 [INFO] ServerAccessManage:473 - Download File cubemx.pidx
2025-04-30 12:57:22,684 [INFO] LoadServerUpdatesThread:375 - End of LoadServerUpdate Thread
2025-04-30 12:57:23,069 [INFO] CheckServerUpdateThread:120 - End of CheckServer Thread
2025-04-30 12:57:24,797 [WARN] PackLoader:240 - Cannot read IP mode file for STMicroelectronics.FP-SNS-MOTENVWB1.1.4.0
2025-04-30 12:57:24,819 [WARN] PackLoader:240 - Cannot read IP mode file for STMicroelectronics.FP-ATR-ASTRA1.2.0.2
2025-04-30 12:57:24,831 [WARN] PackLoader:240 - Cannot read IP mode file for STMicroelectronics.FP-ATR-ASTRA1.2.0.1
2025-04-30 12:57:24,854 [WARN] PackLoader:240 - Cannot read IP mode file for STMicroelectronics.X-CUBE-SMBUS.2.1.0
2025-04-30 12:57:24,877 [WARN] PackLoader:240 - Cannot read IP mode file for STMicroelectronics.X-CUBE-WB05N.1.1.0
2025-04-30 12:57:24,891 [WARN] PackLoader:240 - Cannot read IP mode file for STMicroelectronics.X-CUBE-TOUCHGFX.4.23.0
2025-04-30 12:57:24,898 [WARN] PackLoader:240 - Cannot read IP mode file for STMicroelectronics.X-CUBE-TOUCHGFX.4.23.2
2025-04-30 12:57:24,980 [WARN] PackLoader:240 - Cannot read IP mode file for STMicroelectronics.X-CUBE-AZRTOS-F7.1.1.0
2025-04-30 12:57:25,011 [WARN] PackLoader:240 - Cannot read IP mode file for STMicroelectronics.FP-SNS-MOTENV1.4.3.2
2025-04-30 12:57:25,238 [WARN] PackLoader:240 - Cannot read IP mode file for STMicroelectronics.X-CUBE-MEMS1.11.0.0
2025-04-30 12:57:25,676 [WARN] PackLoader:240 - Cannot read IP mode file for STMicroelectronics.FP-SNS-FLIGHT1.5.0.2
2025-04-30 12:57:25,696 [WARN] PackLoader:240 - Cannot read IP mode file for STMicroelectronics.X-CUBE-DISPLAY.3.0.0
2025-04-30 12:57:25,720 [WARN] PackLoader:240 - Cannot read IP mode file for STMicroelectronics.X-CUBE-BLE1.7.0.0
2025-04-30 12:57:25,737 [WARN] PackLoader:240 - Cannot read IP mode file for STMicroelectronics.X-CUBE-NFC10.1.0.0
2025-04-30 12:57:25,764 [WARN] PackLoader:240 - Cannot read IP mode file for STMicroelectronics.X-CUBE-BLEMGR.4.0.0
2025-04-30 12:57:25,787 [WARN] PackLoader:240 - Cannot read IP mode file for emotas.I-CUBE-CANOPEN.1.3.0
2025-04-30 12:57:25,818 [WARN] PackLoader:240 - Cannot read IP mode file for STMicroelectronics.X-CUBE-BLEMGR.3.1.0
2025-04-30 12:57:25,838 [WARN] PackLoader:240 - Cannot read IP mode file for STMicroelectronics.X-CUBE-AI.10.0.0
2025-04-30 12:57:25,849 [WARN] PackLoader:240 - Cannot read IP mode file for STMicroelectronics.FP-SNS-SMARTAG2.1.2.0
2025-04-30 12:57:25,860 [ERROR] Engine:466 - C:\Users\Parry\.stm32cubemx\thirdparties\pdsc\STMicroelectronics.FP-SNS-FLIGHT1.5.1.0.pdsc: PDSC version is not supported
2025-04-30 12:57:25,994 [WARN] PackLoader:240 - Cannot read IP mode file for STMicroelectronics.X-CUBE-MEMS1.11.1.0
2025-04-30 12:57:26,341 [INFO] LogOutputStream:77 - [STDOUT_REDIRECT] 1 : Invalid condition id : UX_CORESTACK_Condition cause : null
2025-04-30 12:57:26,343 [INFO] LogOutputStream:77 - [STDOUT_REDIRECT] 1 : Invalid condition id : UX_CORESTACK_Condition cause : null
2025-04-30 12:57:26,346 [INFO] LogOutputStream:77 - [STDOUT_REDIRECT] 1 : Invalid condition id : UX_CORESTACK_Condition cause : null
2025-04-30 12:57:26,349 [INFO] LogOutputStream:77 - [STDOUT_REDIRECT] 1 : Invalid condition id : UX_CORESTACK_Condition cause : null
2025-04-30 12:57:26,351 [INFO] LogOutputStream:77 - [STDOUT_REDIRECT] 1 : Invalid condition id : UX_CORESTACK_Condition cause : null
2025-04-30 12:57:26,358 [WARN] PackLoader:240 - Cannot read IP mode file for STMicroelectronics.X-CUBE-AZRTOS-WL.2.0.0
2025-04-30 12:57:26,375 [WARN] PackLoader:240 - Cannot read IP mode file for STMicroelectronics.FP-SNS-MOTENV1.5.0.0
2025-04-30 12:57:26,389 [WARN] PackLoader:240 - Cannot read IP mode file for wolfSSL.I-CUBE-wolfMQTT.1.19.0
2025-04-30 12:57:26,405 [WARN] PackLoader:240 - Cannot read IP mode file for WES.I-CUBE-Cesium.1.3.0
2025-04-30 12:57:26,415 [WARN] PackLoader:240 - Cannot read IP mode file for STMicroelectronics.X-CUBE-BLE2.3.3.0
2025-04-30 12:57:26,431 [WARN] PackLoader:240 - Cannot read IP mode file for STMicroelectronics.X-CUBE-NFC9.1.0.0
2025-04-30 12:57:26,444 [WARN] PackLoader:240 - Cannot read IP mode file for STMicroelectronics.X-CUBE-BLE1.7.1.0
2025-04-30 12:57:26,459 [WARN] PackLoader:240 - Cannot read IP mode file for STMicroelectronics.X-CUBE-TCPP.4.1.0
2025-04-30 12:57:26,477 [WARN] PackLoader:240 - Cannot read IP mode file for STMicroelectronics.X-CUBE-ALGOBUILD.1.3.0
2025-04-30 12:57:26,585 [WARN] PackLoader:240 - Cannot read IP mode file for STMicroelectronics.X-CUBE-MEMS1.11.2.0
2025-04-30 12:57:26,895 [WARN] PackLoader:240 - Cannot read IP mode file for STMicroelectronics.X-CUBE-AZRTOS-G0.1.1.0
2025-04-30 12:57:26,914 [WARN] PackLoader:240 - Cannot read IP mode file for STMicroelectronics.X-CUBE-SAFEA1.1.2.2
2025-04-30 12:57:26,927 [WARN] PackLoader:240 - Cannot read IP mode file for STMicroelectronics.X-CUBE-NFC4.3.0.0
2025-04-30 12:57:26,939 [WARN] PackLoader:240 - Cannot read IP mode file for wolfSSL.I-CUBE-wolfMQTT.1.18.0
2025-04-30 12:57:26,962 [WARN] PackLoader:240 - Cannot read IP mode file for EmbeddedOffice.I-CUBE-FS-RTOS.1.0.1
2025-04-30 12:57:26,962 [ERROR] ConditionMgr:805 - Attr not supported : Dmpu
2025-04-30 12:57:26,963 [ERROR] ConditionMgr:805 - Attr not supported : Dmpu
2025-04-30 12:57:26,963 [ERROR] ConditionMgr:805 - Attr not supported : Dmpu
2025-04-30 12:57:26,963 [ERROR] ConditionMgr:805 - Attr not supported : Dmpu
2025-04-30 12:57:26,963 [ERROR] ConditionMgr:805 - Attr not supported : Dmpu
2025-04-30 12:57:26,963 [ERROR] ConditionMgr:805 - Attr not supported : Dmpu
2025-04-30 12:57:26,963 [ERROR] ConditionMgr:805 - Attr not supported : Dmpu
2025-04-30 12:57:26,964 [ERROR] ConditionMgr:805 - Attr not supported : Dmpu
2025-04-30 12:57:26,964 [ERROR] ConditionMgr:805 - Attr not supported : Dmpu
2025-04-30 12:57:26,965 [ERROR] ConditionMgr:805 - Attr not supported : Dmpu
2025-04-30 12:57:26,965 [ERROR] ConditionMgr:805 - Attr not supported : Dmpu
2025-04-30 12:57:26,965 [ERROR] ConditionMgr:805 - Attr not supported : Dmpu
2025-04-30 12:57:26,965 [ERROR] ConditionMgr:805 - Attr not supported : Dmpu
2025-04-30 12:57:26,965 [ERROR] ConditionMgr:805 - Attr not supported : Dmpu
2025-04-30 12:57:26,965 [ERROR] ConditionMgr:805 - Attr not supported : Dmpu
2025-04-30 12:57:26,965 [ERROR] ConditionMgr:805 - Attr not supported : Dmpu
2025-04-30 12:57:26,965 [ERROR] ConditionMgr:805 - Attr not supported : Dmpu
2025-04-30 12:57:26,965 [ERROR] ConditionMgr:805 - Attr not supported : Dmpu
2025-04-30 12:57:26,966 [ERROR] ConditionMgr:805 - Attr not supported : Dmpu
2025-04-30 12:57:26,966 [ERROR] ConditionMgr:805 - Attr not supported : Dmpu
2025-04-30 12:57:26,966 [ERROR] ConditionMgr:805 - Attr not supported : Dmpu
2025-04-30 12:57:26,967 [ERROR] ConditionMgr:805 - Attr not supported : Dmpu
2025-04-30 12:57:26,967 [ERROR] ConditionMgr:805 - Attr not supported : Dmpu
2025-04-30 12:57:26,967 [ERROR] ConditionMgr:805 - Attr not supported : Dmpu
2025-04-30 12:57:26,967 [ERROR] ConditionMgr:805 - Attr not supported : Dmpu
2025-04-30 12:57:26,967 [ERROR] ConditionMgr:805 - Attr not supported : Dmpu
2025-04-30 12:57:26,967 [ERROR] ConditionMgr:805 - Attr not supported : Dmpu
2025-04-30 12:57:26,967 [ERROR] ConditionMgr:805 - Attr not supported : Dmpu
2025-04-30 12:57:26,967 [ERROR] ConditionMgr:805 - Attr not supported : Dmpu
2025-04-30 12:57:26,968 [ERROR] ConditionMgr:805 - Attr not supported : Dmpu
2025-04-30 12:57:26,968 [ERROR] ConditionMgr:805 - Attr not supported : Dmpu
2025-04-30 12:57:26,968 [ERROR] ConditionMgr:805 - Attr not supported : Dmpu
2025-04-30 12:57:26,968 [ERROR] ConditionMgr:805 - Attr not supported : Dmpu
2025-04-30 12:57:26,968 [ERROR] ConditionMgr:805 - Attr not supported : Dmpu
2025-04-30 12:57:26,968 [ERROR] ConditionMgr:805 - Attr not supported : Dmpu
2025-04-30 12:57:26,968 [ERROR] ConditionMgr:805 - Attr not supported : Dmpu
2025-04-30 12:57:26,968 [ERROR] ConditionMgr:805 - Attr not supported : Dmpu
2025-04-30 12:57:26,968 [ERROR] ConditionMgr:805 - Attr not supported : Dmpu
2025-04-30 12:57:26,968 [ERROR] ConditionMgr:805 - Attr not supported : Dmpu
2025-04-30 12:57:26,969 [ERROR] ConditionMgr:805 - Attr not supported : Dmpu
2025-04-30 12:57:26,969 [ERROR] ConditionMgr:805 - Attr not supported : Dmpu
2025-04-30 12:57:26,969 [ERROR] ConditionMgr:805 - Attr not supported : Dmpu
2025-04-30 12:57:26,969 [ERROR] ConditionMgr:805 - Attr not supported : Dmpu
2025-04-30 12:57:26,969 [ERROR] ConditionMgr:805 - Attr not supported : Dmpu
2025-04-30 12:57:26,969 [ERROR] ConditionMgr:805 - Attr not supported : Dmpu
2025-04-30 12:57:26,969 [ERROR] ConditionMgr:805 - Attr not supported : Dmpu
2025-04-30 12:57:26,970 [ERROR] ConditionMgr:805 - Attr not supported : Dmpu
2025-04-30 12:57:26,970 [ERROR] ConditionMgr:805 - Attr not supported : Dmpu
2025-04-30 12:57:26,970 [ERROR] ConditionMgr:805 - Attr not supported : Dmpu
2025-04-30 12:57:26,970 [ERROR] ConditionMgr:805 - Attr not supported : Dmpu
2025-04-30 12:57:26,970 [ERROR] ConditionMgr:805 - Attr not supported : Dmpu
2025-04-30 12:57:26,970 [ERROR] ConditionMgr:805 - Attr not supported : Dmpu
2025-04-30 12:57:26,971 [ERROR] ConditionMgr:805 - Attr not supported : Dmpu
2025-04-30 12:57:26,971 [ERROR] ConditionMgr:805 - Attr not supported : Dmpu
2025-04-30 12:57:26,971 [ERROR] ConditionMgr:805 - Attr not supported : Dmpu
2025-04-30 12:57:26,971 [ERROR] ConditionMgr:805 - Attr not supported : Dmpu
2025-04-30 12:57:26,971 [ERROR] ConditionMgr:805 - Attr not supported : Dmpu
2025-04-30 12:57:26,971 [ERROR] ConditionMgr:805 - Attr not supported : Dmpu
2025-04-30 12:57:26,971 [ERROR] ConditionMgr:805 - Attr not supported : Dmpu
2025-04-30 12:57:26,971 [ERROR] ConditionMgr:805 - Attr not supported : Dmpu
2025-04-30 12:57:26,972 [ERROR] ConditionMgr:805 - Attr not supported : Dmpu
2025-04-30 12:57:26,972 [ERROR] ConditionMgr:805 - Attr not supported : Dmpu
2025-04-30 12:57:26,972 [ERROR] ConditionMgr:805 - Attr not supported : Dmpu
2025-04-30 12:57:26,972 [ERROR] ConditionMgr:805 - Attr not supported : Dmpu
2025-04-30 12:57:26,980 [WARN] PackLoader:240 - Cannot read IP mode file for STMicroelectronics.X-CUBE-WB05N.2.0.0
2025-04-30 12:57:26,999 [WARN] PackLoader:240 - Cannot read IP mode file for STMicroelectronics.X-CUBE-BLEMGR.3.0.0
2025-04-30 12:57:27,007 [ERROR] Engine:466 - C:\Users\Parry\.stm32cubemx\thirdparties\pdsc\STMicroelectronics.X-CUBE-TCPP.4.2.0.pdsc: PDSC version is not supported
2025-04-30 12:57:27,018 [WARN] PackLoader:240 - Cannot read IP mode file for RealThread.X-CUBE-RT-Thread_Nano.4.1.1
2025-04-30 12:57:27,028 [WARN] PackLoader:240 - Cannot read IP mode file for STMicroelectronics.FP-ATR-SIGFOX1.3.2.0
2025-04-30 12:57:27,041 [WARN] ConditionMgr:438 - getConditionDescription Invalid condition id : Cortex-A Device cause : null
2025-04-30 12:57:27,111 [WARN] ConditionMgr:1039 - genDependencies : Invalid condition id : Cortex-A Device cause : null
2025-04-30 12:57:27,112 [WARN] ConditionMgr:1039 - genDependencies : Invalid condition id : Cortex-A Device cause : null
2025-04-30 12:57:27,112 [WARN] ConditionMgr:1039 - genDependencies : Invalid condition id : Cortex-A Device cause : null
2025-04-30 12:57:27,131 [WARN] PackLoader:240 - Cannot read IP mode file for STMicroelectronics.X-CUBE-EEPRMA1.5.1.0
2025-04-30 12:57:27,201 [WARN] PackLoader:240 - Cannot read IP mode file for SEGGER.I-CUBE-embOS.1.3.1
2025-04-30 12:57:27,304 [WARN] PackLoader:240 - Cannot read IP mode file for STMicroelectronics.X-CUBE-ALGOBUILD.1.4.0
2025-04-30 12:57:27,314 [WARN] PackLoader:240 - Cannot read IP mode file for STMicroelectronics.X-CUBE-AI.9.1.0
2025-04-30 12:57:27,345 [WARN] PackLoader:240 - Cannot read IP mode file for STMicroelectronics.X-CUBE-GNSS1.6.0.0
2025-04-30 12:57:27,394 [WARN] PackLoader:240 - Cannot read IP mode file for STMicroelectronics.X-CUBE-AZRTOS-F4.1.1.0
2025-04-30 12:57:27,411 [WARN] PackLoader:240 - Cannot read IP mode file for wolfSSL.I-CUBE-wolfSSL.5.6.4
2025-04-30 12:57:27,414 [ERROR] Engine:466 - C:\Users\Parry\.stm32cubemx\thirdparties\pdsc\Avnet-IotConnect.X-CUBE-IoTC-DA16k-PMOD.1.0.0.pdsc: PDSC version is not supported
2025-04-30 12:57:27,423 [WARN] PackLoader:240 - Cannot read IP mode file for STMicroelectronics.X-CUBE-ISPU.2.1.0
2025-04-30 12:57:27,470 [WARN] PackLoader:240 - Cannot read IP mode file for STMicroelectronics.X-CUBE-FREERTOS.1.2.0
2025-04-30 12:57:27,505 [WARN] PackLoader:240 - Cannot read IP mode file for STMicroelectronics.X-CUBE-AZRTOS-L5.2.0.0
2025-04-30 12:57:27,523 [WARN] PackLoader:240 - Cannot read IP mode file for STMicroelectronics.X-CUBE-EEPRMA1.4.2.0
2025-04-30 12:57:27,542 [WARN] PackLoader:240 - Cannot read IP mode file for STMicroelectronics.X-CUBE-NFC6.3.1.0
2025-04-30 12:57:27,555 [WARN] PackLoader:240 - Cannot read IP mode file for ITTIA_DB.I-CUBE-ITTIADB.8.8.0
2025-04-30 12:57:27,564 [WARN] PackLoader:240 - Cannot read IP mode file for STMicroelectronics.X-CUBE-DPower.1.2.0
2025-04-30 12:57:27,572 [WARN] PackLoader:240 - Cannot read IP mode file for STMicroelectronics.X-CUBE-AI.9.0.0
2025-04-30 12:57:27,580 [WARN] PackLoader:240 - Cannot read IP mode file for STMicroelectronics.X-CUBE-FREERTOS.1.3.0
2025-04-30 12:57:27,590 [WARN] PackLoader:240 - Cannot read IP mode file for STMicroelectronics.X-CUBE-NFC7.1.0.1
2025-04-30 12:57:27,601 [WARN] PackLoader:240 - Cannot read IP mode file for wolfSSL.I-CUBE-wolfTPM.3.2.0
2025-04-30 12:57:27,617 [WARN] PackLoader:240 - Cannot read IP mode file for STMicroelectronics.X-CUBE-NFC6.3.0.0
2025-04-30 12:57:27,633 [WARN] PackLoader:240 - Cannot read IP mode file for STMicroelectronics.X-CUBE-DPower.1.3.0
2025-04-30 12:57:27,643 [WARN] PackLoader:240 - Cannot read IP mode file for STMicroelectronics.X-CUBE-AI.8.1.0
2025-04-30 12:57:27,676 [WARN] ConditionMgr:438 - getConditionDescription Invalid condition id : LAN8742 Phy interface Condition cause : null
2025-04-30 12:57:27,677 [WARN] PackLoader:240 - Cannot read IP mode file for STMicroelectronics.X-CUBE-AZRTOS-L4.2.0.0
2025-04-30 12:57:27,679 [WARN] ConditionMgr:1039 - genDependencies : Invalid condition id : LAN8742 Phy interface Condition cause : null
2025-04-30 12:57:27,680 [WARN] ConditionMgr:1039 - genDependencies : Invalid condition id : LAN8742 Phy interface Condition cause : null
2025-04-30 12:57:27,681 [WARN] ConditionMgr:1039 - genDependencies : Invalid condition id : LAN8742 Phy interface Condition cause : null
2025-04-30 12:57:27,697 [WARN] PackLoader:240 - Cannot read IP mode file for STMicroelectronics.X-CUBE-SFXS2LP1.4.0.0
2025-04-30 12:57:27,743 [WARN] PackLoader:240 - Cannot read IP mode file for STMicroelectronics.X-CUBE-AZRTOS-H7.3.3.0
2025-04-30 12:57:27,792 [WARN] PackLoader:240 - Cannot read IP mode file for STMicroelectronics.X-CUBE-IPS.3.0.0
2025-04-30 12:57:27,822 [WARN] ConditionMgr:438 - getConditionDescription Invalid condition id : UX DEVICE CLASS RTOS Condition cause : null
2025-04-30 12:57:27,823 [WARN] ConditionMgr:438 - getConditionDescription Invalid condition id : UX DEVICE CLASS RTOS Condition cause : null
2025-04-30 12:57:27,827 [WARN] PackLoader:240 - Cannot read IP mode file for STMicroelectronics.X-CUBE-AZRTOS-WB.2.0.0
2025-04-30 12:57:27,829 [WARN] ConditionMgr:1039 - genDependencies : Invalid condition id : UX DEVICE CLASS RTOS Condition cause : null
2025-04-30 12:57:27,829 [WARN] ConditionMgr:1039 - genDependencies : Invalid condition id : UX DEVICE CLASS RTOS Condition cause : null
2025-04-30 12:57:27,830 [WARN] ConditionMgr:1039 - genDependencies : Invalid condition id : UX DEVICE CLASS RTOS Condition cause : null
2025-04-30 12:57:27,831 [WARN] ConditionMgr:1039 - genDependencies : Invalid condition id : UX DEVICE CLASS RTOS Condition cause : null
2025-04-30 12:57:27,831 [WARN] ConditionMgr:1039 - genDependencies : Invalid condition id : UX DEVICE CLASS RTOS Condition cause : null
2025-04-30 12:57:27,843 [WARN] PackLoader:240 - Cannot read IP mode file for STMicroelectronics.X-CUBE-GNSS1.7.0.0
2025-04-30 12:57:27,854 [WARN] PackLoader:240 - Cannot read IP mode file for STMicroelectronics.X-CUBE-GNSS1.7.0.1
2025-04-30 12:57:27,863 [WARN] PackLoader:240 - Cannot read IP mode file for STMicroelectronics.X-CUBE-TOUCHGFX.4.25.0
2025-04-30 12:57:27,875 [WARN] PackLoader:240 - Cannot read IP mode file for STMicroelectronics.FP-SNS-STBOX1.2.0.0
2025-04-30 12:57:27,904 [WARN] PackLoader:240 - Cannot read IP mode file for STMicroelectronics.X-CUBE-SUBG2.5.0.0
2025-04-30 12:57:27,990 [WARN] PackLoader:240 - Cannot read IP mode file for STMicroelectronics.X-CUBE-AZRTOS-H7RS.1.1.0
2025-04-30 12:57:28,018 [WARN] PackLoader:240 - Cannot read IP mode file for Cesanta.I-CUBE-Mongoose.7.13.0
2025-04-30 12:57:28,062 [WARN] PackLoader:240 - Cannot read IP mode file for STMicroelectronics.X-CUBE-AZRTOS-G4.2.0.0
2025-04-30 12:57:28,098 [WARN] PackLoader:240 - Cannot read IP mode file for Infineon.AIROC-Wi-Fi-Bluetooth-STM32.1.5.1
2025-04-30 12:57:28,117 [WARN] PackLoader:240 - Cannot read IP mode file for STMicroelectronics.X-CUBE-NFC7.2.0.0
2025-04-30 12:57:28,131 [WARN] PackLoader:240 - Cannot read IP mode file for STMicroelectronics.FP-SNS-MOTENVWB1.1.3.1
2025-04-30 12:57:28,142 [WARN] PackLoader:240 - Cannot read IP mode file for STMicroelectronics.X-CUBE-ISPU.2.0.0
2025-04-30 12:57:28,155 [ERROR] Engine:466 - C:\Users\Parry\.stm32cubemx\thirdparties\pdsc\STMicroelectronics.X-CUBE-IPS.3.1.0.pdsc: PDSC version is not supported
2025-04-30 12:57:28,175 [WARN] PackLoader:240 - Cannot read IP mode file for STMicroelectronics.X-CUBE-ALS.1.0.2
2025-04-30 12:57:28,259 [WARN] PackLoader:240 - Cannot read IP mode file for STMicroelectronics.X-CUBE-MEMS1.10.0.0
2025-04-30 12:57:28,503 [WARN] PackLoader:240 - Cannot read IP mode file for STMicroelectronics.X-CUBE-FREERTOS.1.1.0
2025-04-30 12:57:28,512 [WARN] PackLoader:240 - Cannot read IP mode file for STMicroelectronics.X-CUBE-TOUCHGFX.4.24.0
2025-04-30 12:57:28,520 [WARN] PackLoader:240 - Cannot read IP mode file for STMicroelectronics.X-CUBE-TOUCHGFX.4.24.2
2025-04-30 12:57:28,529 [WARN] PackLoader:240 - Cannot read IP mode file for STMicroelectronics.X-CUBE-TOUCHGFX.4.24.1
2025-04-30 12:57:28,540 [WARN] PackLoader:240 - Cannot read IP mode file for portGmbH.I-Cube-SoM-uGOAL.1.1.0
2025-04-30 12:57:28,549 [WARN] PackLoader:240 - Cannot read IP mode file for STMicroelectronics.X-CUBE-ALS.1.0.1
2025-04-30 12:57:28,584 [WARN] PackLoader:240 - Cannot read IP mode file for STMicroelectronics.X-CUBE-AZRTOS-H7RS.1.0.0
2025-04-30 12:57:28,600 [WARN] PackLoader:240 - Cannot read IP mode file for STMicroelectronics.FP-ATR-ASTRA1.2.0.0
2025-04-30 12:57:28,625 [WARN] PackLoader:240 - Cannot read IP mode file for STMicroelectronics.X-CUBE-TOF1.3.4.2
2025-04-30 12:57:28,665 [ERROR] Engine:466 - C:\Users\Parry\.stm32cubemx\thirdparties\pdsc\STMicroelectronics.X-CUBE-TOF1.3.4.3.pdsc: PDSC version is not supported
2025-04-30 12:57:28,693 [WARN] PackLoader:240 - Cannot read IP mode file for STMicroelectronics.X-CUBE-TOF1.3.4.0
2025-04-30 12:57:28,743 [WARN] PackLoader:240 - Cannot read IP mode file for STMicroelectronics.X-CUBE-TOF1.3.4.1
2025-04-30 12:57:28,819 [WARN] PackLoader:240 - Cannot read IP mode file for STMicroelectronics.X-CUBE-AZRTOS-H7.3.2.0
2025-04-30 12:57:28,851 [WARN] PackLoader:240 - Cannot read IP mode file for wolfSSL.I-CUBE-wolfSSH.1.4.17
2025-04-30 12:57:28,853 [INFO] ThirdParty:978 - Integrity check success = true
2025-04-30 12:57:28,853 [INFO] IntegrityCheckThread:100 - exiting critical section [integrity check]
2025-04-30 12:57:28,853 [INFO] IntegrityCheckThread:103 - End integrity checks thread
2025-04-30 12:57:30,719 [INFO] WebApp:167 - Instantiating new browser for Auth
2025-04-30 12:57:33,414 [INFO] WebApp:448 - Apply proxy settings
2025-04-30 12:57:33,415 [INFO] WebApp:533 - Chromium requires no authentication
2025-04-30 12:57:33,438 [INFO] WebApp:476 - Direct internet connection detected
2025-04-30 12:57:33,499 [INFO] WebApp:869 - Register for checkConnection events
2025-04-30 12:57:33,500 [INFO] WebApp:448 - Apply proxy settings
2025-04-30 12:57:33,500 [INFO] WebApp:533 - Chromium requires no authentication
2025-04-30 12:57:33,502 [INFO] WebApp:476 - Direct internet connection detected
2025-04-30 12:57:33,715 [INFO] WebApp:186 - Connection restablished
2025-04-30 12:57:34,031 [INFO] WebApp:220 - Starting web application
2025-04-30 12:57:34,032 [INFO] WebApp:578 - Web application path used C:\ST\STM32CubeIDE_1.14.0\STM32CubeIDE\plugins\com.st.stm32cube.common.mx_6.12.1.202409122256\db\plugins\mcufinder\reactClient1\index.html
2025-04-30 12:57:34,579 [INFO] UserAuth:417 - Internet connection configuration mode: 1
2025-04-30 12:58:53,823 [ERROR] LogOutputStream:75 - [STDERR_REDIRECT] 
